-------------------------------------------------------------------------------
Test set: com.donatedrop.grocode.Test_Controller_GeoCode
-------------------------------------------------------------------------------
Tests run: 1, Failures: 0, Errors: 1, Skipped: 0, Time elapsed: 7.348 sec <<< FAILURE! - in com.donatedrop.grocode.Test_Controller_GeoCode
getEmployees(com.donatedrop.grocode.Test_Controller_GeoCode)  Time elapsed: 0.612 sec  <<< ERROR!
java.lang.ClassCastException: java.lang.Integer cannot be cast to java.lang.String
	at com.donatedrop.grocode.Test_Controller_GeoCode.getEmployees(Test_Controller_GeoCode.java:69)

