-------------------------------------------------------------------------------
Test set: com.donatedrop.profile_basic.Test_Dao_Profile_Basic_Impl_Ordered
-------------------------------------------------------------------------------
Tests run: 14, Failures: 0, Errors: 14, Skipped: 0, Time elapsed: 6.111 s <<< FAILURE! - in com.donatedrop.profile_basic.Test_Dao_Profile_Basic_Impl_Ordered
test0_DaoObject  Time elapsed: 0.001 s  <<< ERROR!
java.lang.IllegalStateException: Failed to load ApplicationContext
Caused by: org.springframework.beans.factory.UnsatisfiedDependencyException: Error creating bean with name 'databaseConfig': Unsatisfied dependency expressed through field 'entityManagerFactory'; nested exception is org.springframework.beans.factory.BeanCreationException: Error creating bean with name 'entityManagerFactory' defined in class path resource [com/donatedrop/util/DatabaseConfig.class]: Invocation of init method failed; nested exception is javax.persistence.PersistenceException: [PersistenceUnit: default] Unable to build Hibernate SessionFactory; nested exception is org.hibernate.cfg.beanvalidation.IntegrationException: Error activating Bean Validation integration
Caused by: org.springframework.beans.factory.BeanCreationException: Error creating bean with name 'entityManagerFactory' defined in class path resource [com/donatedrop/util/DatabaseConfig.class]: Invocation of init method failed; nested exception is javax.persistence.PersistenceException: [PersistenceUnit: default] Unable to build Hibernate SessionFactory; nested exception is org.hibernate.cfg.beanvalidation.IntegrationException: Error activating Bean Validation integration
Caused by: javax.persistence.PersistenceException: [PersistenceUnit: default] Unable to build Hibernate SessionFactory; nested exception is org.hibernate.cfg.beanvalidation.IntegrationException: Error activating Bean Validation integration
Caused by: org.hibernate.cfg.beanvalidation.IntegrationException: Error activating Bean Validation integration
Caused by: java.lang.annotation.AnnotationFormatError: Duplicate annotation for class: interface javax.validation.constraints.Size: @javax.validation.constraints.Size(groups=[], min=0, message={javax.validation.constraints.Size.message}, max=256, payload=[])

test1_save  Time elapsed: 0 s  <<< ERROR!
java.lang.IllegalStateException: Failed to load ApplicationContext
Caused by: org.springframework.beans.factory.UnsatisfiedDependencyException: Error creating bean with name 'databaseConfig': Unsatisfied dependency expressed through field 'entityManagerFactory'; nested exception is org.springframework.beans.factory.BeanCreationException: Error creating bean with name 'entityManagerFactory' defined in class path resource [com/donatedrop/util/DatabaseConfig.class]: Invocation of init method failed; nested exception is javax.persistence.PersistenceException: [PersistenceUnit: default] Unable to build Hibernate SessionFactory; nested exception is org.hibernate.cfg.beanvalidation.IntegrationException: Error activating Bean Validation integration
Caused by: org.springframework.beans.factory.BeanCreationException: Error creating bean with name 'entityManagerFactory' defined in class path resource [com/donatedrop/util/DatabaseConfig.class]: Invocation of init method failed; nested exception is javax.persistence.PersistenceException: [PersistenceUnit: default] Unable to build Hibernate SessionFactory; nested exception is org.hibernate.cfg.beanvalidation.IntegrationException: Error activating Bean Validation integration
Caused by: javax.persistence.PersistenceException: [PersistenceUnit: default] Unable to build Hibernate SessionFactory; nested exception is org.hibernate.cfg.beanvalidation.IntegrationException: Error activating Bean Validation integration
Caused by: org.hibernate.cfg.beanvalidation.IntegrationException: Error activating Bean Validation integration
Caused by: java.lang.annotation.AnnotationFormatError: Duplicate annotation for class: interface javax.validation.constraints.Size: @javax.validation.constraints.Size(groups=[], min=0, message={javax.validation.constraints.Size.message}, max=256, payload=[])

test2_basicExist  Time elapsed: 0 s  <<< ERROR!
java.lang.IllegalStateException: Failed to load ApplicationContext
Caused by: org.springframework.beans.factory.UnsatisfiedDependencyException: Error creating bean with name 'databaseConfig': Unsatisfied dependency expressed through field 'entityManagerFactory'; nested exception is org.springframework.beans.factory.BeanCreationException: Error creating bean with name 'entityManagerFactory' defined in class path resource [com/donatedrop/util/DatabaseConfig.class]: Invocation of init method failed; nested exception is javax.persistence.PersistenceException: [PersistenceUnit: default] Unable to build Hibernate SessionFactory; nested exception is org.hibernate.cfg.beanvalidation.IntegrationException: Error activating Bean Validation integration
Caused by: org.springframework.beans.factory.BeanCreationException: Error creating bean with name 'entityManagerFactory' defined in class path resource [com/donatedrop/util/DatabaseConfig.class]: Invocation of init method failed; nested exception is javax.persistence.PersistenceException: [PersistenceUnit: default] Unable to build Hibernate SessionFactory; nested exception is org.hibernate.cfg.beanvalidation.IntegrationException: Error activating Bean Validation integration
Caused by: javax.persistence.PersistenceException: [PersistenceUnit: default] Unable to build Hibernate SessionFactory; nested exception is org.hibernate.cfg.beanvalidation.IntegrationException: Error activating Bean Validation integration
Caused by: org.hibernate.cfg.beanvalidation.IntegrationException: Error activating Bean Validation integration
Caused by: java.lang.annotation.AnnotationFormatError: Duplicate annotation for class: interface javax.validation.constraints.Size: @javax.validation.constraints.Size(groups=[], min=0, message={javax.validation.constraints.Size.message}, max=256, payload=[])

test3_findOne  Time elapsed: 0 s  <<< ERROR!
java.lang.IllegalStateException: Failed to load ApplicationContext
Caused by: org.springframework.beans.factory.UnsatisfiedDependencyException: Error creating bean with name 'databaseConfig': Unsatisfied dependency expressed through field 'entityManagerFactory'; nested exception is org.springframework.beans.factory.BeanCreationException: Error creating bean with name 'entityManagerFactory' defined in class path resource [com/donatedrop/util/DatabaseConfig.class]: Invocation of init method failed; nested exception is javax.persistence.PersistenceException: [PersistenceUnit: default] Unable to build Hibernate SessionFactory; nested exception is org.hibernate.cfg.beanvalidation.IntegrationException: Error activating Bean Validation integration
Caused by: org.springframework.beans.factory.BeanCreationException: Error creating bean with name 'entityManagerFactory' defined in class path resource [com/donatedrop/util/DatabaseConfig.class]: Invocation of init method failed; nested exception is javax.persistence.PersistenceException: [PersistenceUnit: default] Unable to build Hibernate SessionFactory; nested exception is org.hibernate.cfg.beanvalidation.IntegrationException: Error activating Bean Validation integration
Caused by: javax.persistence.PersistenceException: [PersistenceUnit: default] Unable to build Hibernate SessionFactory; nested exception is org.hibernate.cfg.beanvalidation.IntegrationException: Error activating Bean Validation integration
Caused by: org.hibernate.cfg.beanvalidation.IntegrationException: Error activating Bean Validation integration
Caused by: java.lang.annotation.AnnotationFormatError: Duplicate annotation for class: interface javax.validation.constraints.Size: @javax.validation.constraints.Size(groups=[], min=0, message={javax.validation.constraints.Size.message}, max=256, payload=[])

test4_findOneByUser  Time elapsed: 0 s  <<< ERROR!
java.lang.IllegalStateException: Failed to load ApplicationContext
Caused by: org.springframework.beans.factory.UnsatisfiedDependencyException: Error creating bean with name 'databaseConfig': Unsatisfied dependency expressed through field 'entityManagerFactory'; nested exception is org.springframework.beans.factory.BeanCreationException: Error creating bean with name 'entityManagerFactory' defined in class path resource [com/donatedrop/util/DatabaseConfig.class]: Invocation of init method failed; nested exception is javax.persistence.PersistenceException: [PersistenceUnit: default] Unable to build Hibernate SessionFactory; nested exception is org.hibernate.cfg.beanvalidation.IntegrationException: Error activating Bean Validation integration
Caused by: org.springframework.beans.factory.BeanCreationException: Error creating bean with name 'entityManagerFactory' defined in class path resource [com/donatedrop/util/DatabaseConfig.class]: Invocation of init method failed; nested exception is javax.persistence.PersistenceException: [PersistenceUnit: default] Unable to build Hibernate SessionFactory; nested exception is org.hibernate.cfg.beanvalidation.IntegrationException: Error activating Bean Validation integration
Caused by: javax.persistence.PersistenceException: [PersistenceUnit: default] Unable to build Hibernate SessionFactory; nested exception is org.hibernate.cfg.beanvalidation.IntegrationException: Error activating Bean Validation integration
Caused by: org.hibernate.cfg.beanvalidation.IntegrationException: Error activating Bean Validation integration
Caused by: java.lang.annotation.AnnotationFormatError: Duplicate annotation for class: interface javax.validation.constraints.Size: @javax.validation.constraints.Size(groups=[], min=0, message={javax.validation.constraints.Size.message}, max=256, payload=[])

test5_updateBasic  Time elapsed: 0 s  <<< ERROR!
java.lang.IllegalStateException: Failed to load ApplicationContext
Caused by: org.springframework.beans.factory.UnsatisfiedDependencyException: Error creating bean with name 'databaseConfig': Unsatisfied dependency expressed through field 'entityManagerFactory'; nested exception is org.springframework.beans.factory.BeanCreationException: Error creating bean with name 'entityManagerFactory' defined in class path resource [com/donatedrop/util/DatabaseConfig.class]: Invocation of init method failed; nested exception is javax.persistence.PersistenceException: [PersistenceUnit: default] Unable to build Hibernate SessionFactory; nested exception is org.hibernate.cfg.beanvalidation.IntegrationException: Error activating Bean Validation integration
Caused by: org.springframework.beans.factory.BeanCreationException: Error creating bean with name 'entityManagerFactory' defined in class path resource [com/donatedrop/util/DatabaseConfig.class]: Invocation of init method failed; nested exception is javax.persistence.PersistenceException: [PersistenceUnit: default] Unable to build Hibernate SessionFactory; nested exception is org.hibernate.cfg.beanvalidation.IntegrationException: Error activating Bean Validation integration
Caused by: javax.persistence.PersistenceException: [PersistenceUnit: default] Unable to build Hibernate SessionFactory; nested exception is org.hibernate.cfg.beanvalidation.IntegrationException: Error activating Bean Validation integration
Caused by: org.hibernate.cfg.beanvalidation.IntegrationException: Error activating Bean Validation integration
Caused by: java.lang.annotation.AnnotationFormatError: Duplicate annotation for class: interface javax.validation.constraints.Size: @javax.validation.constraints.Size(groups=[], min=0, message={javax.validation.constraints.Size.message}, max=256, payload=[])

test6_presentAddressUpdate  Time elapsed: 0 s  <<< ERROR!
java.lang.IllegalStateException: Failed to load ApplicationContext
Caused by: org.springframework.beans.factory.UnsatisfiedDependencyException: Error creating bean with name 'databaseConfig': Unsatisfied dependency expressed through field 'entityManagerFactory'; nested exception is org.springframework.beans.factory.BeanCreationException: Error creating bean with name 'entityManagerFactory' defined in class path resource [com/donatedrop/util/DatabaseConfig.class]: Invocation of init method failed; nested exception is javax.persistence.PersistenceException: [PersistenceUnit: default] Unable to build Hibernate SessionFactory; nested exception is org.hibernate.cfg.beanvalidation.IntegrationException: Error activating Bean Validation integration
Caused by: org.springframework.beans.factory.BeanCreationException: Error creating bean with name 'entityManagerFactory' defined in class path resource [com/donatedrop/util/DatabaseConfig.class]: Invocation of init method failed; nested exception is javax.persistence.PersistenceException: [PersistenceUnit: default] Unable to build Hibernate SessionFactory; nested exception is org.hibernate.cfg.beanvalidation.IntegrationException: Error activating Bean Validation integration
Caused by: javax.persistence.PersistenceException: [PersistenceUnit: default] Unable to build Hibernate SessionFactory; nested exception is org.hibernate.cfg.beanvalidation.IntegrationException: Error activating Bean Validation integration
Caused by: org.hibernate.cfg.beanvalidation.IntegrationException: Error activating Bean Validation integration
Caused by: java.lang.annotation.AnnotationFormatError: Duplicate annotation for class: interface javax.validation.constraints.Size: @javax.validation.constraints.Size(groups=[], min=0, message={javax.validation.constraints.Size.message}, max=256, payload=[])

test7_permanentAddressUpdate  Time elapsed: 0 s  <<< ERROR!
java.lang.IllegalStateException: Failed to load ApplicationContext
Caused by: org.springframework.beans.factory.UnsatisfiedDependencyException: Error creating bean with name 'databaseConfig': Unsatisfied dependency expressed through field 'entityManagerFactory'; nested exception is org.springframework.beans.factory.BeanCreationException: Error creating bean with name 'entityManagerFactory' defined in class path resource [com/donatedrop/util/DatabaseConfig.class]: Invocation of init method failed; nested exception is javax.persistence.PersistenceException: [PersistenceUnit: default] Unable to build Hibernate SessionFactory; nested exception is org.hibernate.cfg.beanvalidation.IntegrationException: Error activating Bean Validation integration
Caused by: org.springframework.beans.factory.BeanCreationException: Error creating bean with name 'entityManagerFactory' defined in class path resource [com/donatedrop/util/DatabaseConfig.class]: Invocation of init method failed; nested exception is javax.persistence.PersistenceException: [PersistenceUnit: default] Unable to build Hibernate SessionFactory; nested exception is org.hibernate.cfg.beanvalidation.IntegrationException: Error activating Bean Validation integration
Caused by: javax.persistence.PersistenceException: [PersistenceUnit: default] Unable to build Hibernate SessionFactory; nested exception is org.hibernate.cfg.beanvalidation.IntegrationException: Error activating Bean Validation integration
Caused by: org.hibernate.cfg.beanvalidation.IntegrationException: Error activating Bean Validation integration
Caused by: java.lang.annotation.AnnotationFormatError: Duplicate annotation for class: interface javax.validation.constraints.Size: @javax.validation.constraints.Size(groups=[], min=0, message={javax.validation.constraints.Size.message}, max=256, payload=[])

test8_addPhoneNumber  Time elapsed: 0 s  <<< ERROR!
java.lang.IllegalStateException: Failed to load ApplicationContext
Caused by: org.springframework.beans.factory.UnsatisfiedDependencyException: Error creating bean with name 'databaseConfig': Unsatisfied dependency expressed through field 'entityManagerFactory'; nested exception is org.springframework.beans.factory.BeanCreationException: Error creating bean with name 'entityManagerFactory' defined in class path resource [com/donatedrop/util/DatabaseConfig.class]: Invocation of init method failed; nested exception is javax.persistence.PersistenceException: [PersistenceUnit: default] Unable to build Hibernate SessionFactory; nested exception is org.hibernate.cfg.beanvalidation.IntegrationException: Error activating Bean Validation integration
Caused by: org.springframework.beans.factory.BeanCreationException: Error creating bean with name 'entityManagerFactory' defined in class path resource [com/donatedrop/util/DatabaseConfig.class]: Invocation of init method failed; nested exception is javax.persistence.PersistenceException: [PersistenceUnit: default] Unable to build Hibernate SessionFactory; nested exception is org.hibernate.cfg.beanvalidation.IntegrationException: Error activating Bean Validation integration
Caused by: javax.persistence.PersistenceException: [PersistenceUnit: default] Unable to build Hibernate SessionFactory; nested exception is org.hibernate.cfg.beanvalidation.IntegrationException: Error activating Bean Validation integration
Caused by: org.hibernate.cfg.beanvalidation.IntegrationException: Error activating Bean Validation integration
Caused by: java.lang.annotation.AnnotationFormatError: Duplicate annotation for class: interface javax.validation.constraints.Size: @javax.validation.constraints.Size(groups=[], min=0, message={javax.validation.constraints.Size.message}, max=256, payload=[])

test9_deletePhoneNumber  Time elapsed: 0 s  <<< ERROR!
java.lang.IllegalStateException: Failed to load ApplicationContext
Caused by: org.springframework.beans.factory.UnsatisfiedDependencyException: Error creating bean with name 'databaseConfig': Unsatisfied dependency expressed through field 'entityManagerFactory'; nested exception is org.springframework.beans.factory.BeanCreationException: Error creating bean with name 'entityManagerFactory' defined in class path resource [com/donatedrop/util/DatabaseConfig.class]: Invocation of init method failed; nested exception is javax.persistence.PersistenceException: [PersistenceUnit: default] Unable to build Hibernate SessionFactory; nested exception is org.hibernate.cfg.beanvalidation.IntegrationException: Error activating Bean Validation integration
Caused by: org.springframework.beans.factory.BeanCreationException: Error creating bean with name 'entityManagerFactory' defined in class path resource [com/donatedrop/util/DatabaseConfig.class]: Invocation of init method failed; nested exception is javax.persistence.PersistenceException: [PersistenceUnit: default] Unable to build Hibernate SessionFactory; nested exception is org.hibernate.cfg.beanvalidation.IntegrationException: Error activating Bean Validation integration
Caused by: javax.persistence.PersistenceException: [PersistenceUnit: default] Unable to build Hibernate SessionFactory; nested exception is org.hibernate.cfg.beanvalidation.IntegrationException: Error activating Bean Validation integration
Caused by: org.hibernate.cfg.beanvalidation.IntegrationException: Error activating Bean Validation integration
Caused by: java.lang.annotation.AnnotationFormatError: Duplicate annotation for class: interface javax.validation.constraints.Size: @javax.validation.constraints.Size(groups=[], min=0, message={javax.validation.constraints.Size.message}, max=256, payload=[])

test10_addEmergencyContact  Time elapsed: 0.001 s  <<< ERROR!
java.lang.IllegalStateException: Failed to load ApplicationContext
Caused by: org.springframework.beans.factory.UnsatisfiedDependencyException: Error creating bean with name 'databaseConfig': Unsatisfied dependency expressed through field 'entityManagerFactory'; nested exception is org.springframework.beans.factory.BeanCreationException: Error creating bean with name 'entityManagerFactory' defined in class path resource [com/donatedrop/util/DatabaseConfig.class]: Invocation of init method failed; nested exception is javax.persistence.PersistenceException: [PersistenceUnit: default] Unable to build Hibernate SessionFactory; nested exception is org.hibernate.cfg.beanvalidation.IntegrationException: Error activating Bean Validation integration
Caused by: org.springframework.beans.factory.BeanCreationException: Error creating bean with name 'entityManagerFactory' defined in class path resource [com/donatedrop/util/DatabaseConfig.class]: Invocation of init method failed; nested exception is javax.persistence.PersistenceException: [PersistenceUnit: default] Unable to build Hibernate SessionFactory; nested exception is org.hibernate.cfg.beanvalidation.IntegrationException: Error activating Bean Validation integration
Caused by: javax.persistence.PersistenceException: [PersistenceUnit: default] Unable to build Hibernate SessionFactory; nested exception is org.hibernate.cfg.beanvalidation.IntegrationException: Error activating Bean Validation integration
Caused by: org.hibernate.cfg.beanvalidation.IntegrationException: Error activating Bean Validation integration
Caused by: java.lang.annotation.AnnotationFormatError: Duplicate annotation for class: interface javax.validation.constraints.Size: @javax.validation.constraints.Size(groups=[], min=0, message={javax.validation.constraints.Size.message}, max=256, payload=[])

test11_updateEmergencyContact  Time elapsed: 0.001 s  <<< ERROR!
java.lang.IllegalStateException: Failed to load ApplicationContext
Caused by: org.springframework.beans.factory.UnsatisfiedDependencyException: Error creating bean with name 'databaseConfig': Unsatisfied dependency expressed through field 'entityManagerFactory'; nested exception is org.springframework.beans.factory.BeanCreationException: Error creating bean with name 'entityManagerFactory' defined in class path resource [com/donatedrop/util/DatabaseConfig.class]: Invocation of init method failed; nested exception is javax.persistence.PersistenceException: [PersistenceUnit: default] Unable to build Hibernate SessionFactory; nested exception is org.hibernate.cfg.beanvalidation.IntegrationException: Error activating Bean Validation integration
Caused by: org.springframework.beans.factory.BeanCreationException: Error creating bean with name 'entityManagerFactory' defined in class path resource [com/donatedrop/util/DatabaseConfig.class]: Invocation of init method failed; nested exception is javax.persistence.PersistenceException: [PersistenceUnit: default] Unable to build Hibernate SessionFactory; nested exception is org.hibernate.cfg.beanvalidation.IntegrationException: Error activating Bean Validation integration
Caused by: javax.persistence.PersistenceException: [PersistenceUnit: default] Unable to build Hibernate SessionFactory; nested exception is org.hibernate.cfg.beanvalidation.IntegrationException: Error activating Bean Validation integration
Caused by: org.hibernate.cfg.beanvalidation.IntegrationException: Error activating Bean Validation integration
Caused by: java.lang.annotation.AnnotationFormatError: Duplicate annotation for class: interface javax.validation.constraints.Size: @javax.validation.constraints.Size(groups=[], min=0, message={javax.validation.constraints.Size.message}, max=256, payload=[])

test12_deleteEmergencyContact  Time elapsed: 0 s  <<< ERROR!
java.lang.IllegalStateException: Failed to load ApplicationContext
Caused by: org.springframework.beans.factory.UnsatisfiedDependencyException: Error creating bean with name 'databaseConfig': Unsatisfied dependency expressed through field 'entityManagerFactory'; nested exception is org.springframework.beans.factory.BeanCreationException: Error creating bean with name 'entityManagerFactory' defined in class path resource [com/donatedrop/util/DatabaseConfig.class]: Invocation of init method failed; nested exception is javax.persistence.PersistenceException: [PersistenceUnit: default] Unable to build Hibernate SessionFactory; nested exception is org.hibernate.cfg.beanvalidation.IntegrationException: Error activating Bean Validation integration
Caused by: org.springframework.beans.factory.BeanCreationException: Error creating bean with name 'entityManagerFactory' defined in class path resource [com/donatedrop/util/DatabaseConfig.class]: Invocation of init method failed; nested exception is javax.persistence.PersistenceException: [PersistenceUnit: default] Unable to build Hibernate SessionFactory; nested exception is org.hibernate.cfg.beanvalidation.IntegrationException: Error activating Bean Validation integration
Caused by: javax.persistence.PersistenceException: [PersistenceUnit: default] Unable to build Hibernate SessionFactory; nested exception is org.hibernate.cfg.beanvalidation.IntegrationException: Error activating Bean Validation integration
Caused by: org.hibernate.cfg.beanvalidation.IntegrationException: Error activating Bean Validation integration
Caused by: java.lang.annotation.AnnotationFormatError: Duplicate annotation for class: interface javax.validation.constraints.Size: @javax.validation.constraints.Size(groups=[], min=0, message={javax.validation.constraints.Size.message}, max=256, payload=[])

test13_delete  Time elapsed: 0.001 s  <<< ERROR!
java.lang.IllegalStateException: Failed to load ApplicationContext
Caused by: org.springframework.beans.factory.UnsatisfiedDependencyException: Error creating bean with name 'databaseConfig': Unsatisfied dependency expressed through field 'entityManagerFactory'; nested exception is org.springframework.beans.factory.BeanCreationException: Error creating bean with name 'entityManagerFactory' defined in class path resource [com/donatedrop/util/DatabaseConfig.class]: Invocation of init method failed; nested exception is javax.persistence.PersistenceException: [PersistenceUnit: default] Unable to build Hibernate SessionFactory; nested exception is org.hibernate.cfg.beanvalidation.IntegrationException: Error activating Bean Validation integration
Caused by: org.springframework.beans.factory.BeanCreationException: Error creating bean with name 'entityManagerFactory' defined in class path resource [com/donatedrop/util/DatabaseConfig.class]: Invocation of init method failed; nested exception is javax.persistence.PersistenceException: [PersistenceUnit: default] Unable to build Hibernate SessionFactory; nested exception is org.hibernate.cfg.beanvalidation.IntegrationException: Error activating Bean Validation integration
Caused by: javax.persistence.PersistenceException: [PersistenceUnit: default] Unable to build Hibernate SessionFactory; nested exception is org.hibernate.cfg.beanvalidation.IntegrationException: Error activating Bean Validation integration
Caused by: org.hibernate.cfg.beanvalidation.IntegrationException: Error activating Bean Validation integration
Caused by: java.lang.annotation.AnnotationFormatError: Duplicate annotation for class: interface javax.validation.constraints.Size: @javax.validation.constraints.Size(groups=[], min=0, message={javax.validation.constraints.Size.message}, max=256, payload=[])

