-------------------------------------------------------------------------------
Test set: com.donatedrop.grocode.Test_GEO_Code
-------------------------------------------------------------------------------
Tests run: 1, Failures: 0, Errors: 1, Skipped: 0, Time elapsed: 5.317 sec <<< FAILURE! - in com.donatedrop.grocode.Test_GEO_Code
test_GetDivisions(com.donatedrop.grocode.Test_GEO_Code)  Time elapsed: 0.019 sec  <<< ERROR!
java.lang.IllegalArgumentException: Cannot create TypedQuery for query with more than one return using requested result type [com.donatedrop.geocode.DivisionsEngName]
	at org.hibernate.jpa.spi.AbstractEntityManagerImpl.resultClassChecking(AbstractEntityManagerImpl.java:361)
	at org.hibernate.jpa.spi.AbstractEntityManagerImpl.createNamedJpqlQuery(AbstractEntityManagerImpl.java:759)
	at org.hibernate.jpa.spi.AbstractEntityManagerImpl.buildQueryFromName(AbstractEntityManagerImpl.java:743)
	at org.hibernate.jpa.spi.AbstractEntityManagerImpl.createNamedQuery(AbstractEntityManagerImpl.java:890)
	at sun.reflect.NativeMethodAccessorImpl.invoke0(Native Method)
	at sun.reflect.NativeMethodAccessorImpl.invoke(NativeMethodAccessorImpl.java:62)
	at sun.reflect.DelegatingMethodAccessorImpl.invoke(DelegatingMethodAccessorImpl.java:43)
	at java.lang.reflect.Method.invoke(Method.java:498)
	at org.springframework.orm.jpa.ExtendedEntityManagerCreator$ExtendedEntityManagerInvocationHandler.invoke(ExtendedEntityManagerCreator.java:347)
	at com.sun.proxy.$Proxy106.createNamedQuery(Unknown Source)
	at sun.reflect.NativeMethodAccessorImpl.invoke0(Native Method)
	at sun.reflect.NativeMethodAccessorImpl.invoke(NativeMethodAccessorImpl.java:62)
	at sun.reflect.DelegatingMethodAccessorImpl.invoke(DelegatingMethodAccessorImpl.java:43)
	at java.lang.reflect.Method.invoke(Method.java:498)
	at org.springframework.orm.jpa.SharedEntityManagerCreator$SharedEntityManagerInvocationHandler.invoke(SharedEntityManagerCreator.java:298)
	at com.sun.proxy.$Proxy106.createNamedQuery(Unknown Source)
	at com.donatedrop.grocode.Test_GEO_Code.getDivisions(Test_GEO_Code.java:73)
	at com.donatedrop.grocode.Test_GEO_Code.test_GetDivisions(Test_GEO_Code.java:62)

