<?xml version="1.0" encoding="UTF-8"?>
<testsuite xmlns:xsi="http://www.w3.org/2001/XMLSchema-instance" xsi:noNamespaceSchemaLocation="https://maven.apache.org/surefire/maven-surefire-plugin/xsd/surefire-test-report.xsd" name="com.donatedrop.other.DumpDataInsertion" time="15.535" tests="1" errors="1" skipped="0" failures="0">
  <properties>
[...]
</properties>
  <testcase name="testUserCreationWithProfile" classname="com.donatedrop.other.DumpDataInsertion" time="0.18">
    <error message="Uncompilable source code - annotation @org.junit.jupiter.api.Test not applicable in this type context" type="java.lang.RuntimeException">java.lang.RuntimeException: Uncompilable source code - annotation @org.junit.jupiter.api.Test not applicable in this type context
	at com.donatedrop.other.DumpDataInsertion.testUserCreationWithProfile(DumpDataInsertion.java:39)
</error>
    <system-out><![CDATA[11:15:29.646 [main] DEBUG org.springframework.test.context.BootstrapUtils - Instantiating CacheAwareContextLoaderDelegate from class [org.springframework.test.context.cache.DefaultCacheAwareContextLoaderDelegate]
11:15:29.680 [main] DEBUG org.springframework.test.context.BootstrapUtils - Instantiating BootstrapContext using constructor [public org.springframework.test.context.support.DefaultBootstrapContext(java.lang.Class,org.springframework.test.context.CacheAwareContextLoaderDelegate)]
11:15:29.749 [main] DEBUG org.springframework.test.context.BootstrapUtils - Instantiating TestContextBootstrapper for test class [com.donatedrop.other.DumpDataInsertion] from class [org.springframework.boot.test.context.SpringBootTestContextBootstrapper]
11:15:29.793 [main] INFO org.springframework.boot.test.context.SpringBootTestContextBootstrapper - Neither @ContextConfiguration nor @ContextHierarchy found for test class [com.donatedrop.other.DumpDataInsertion], using SpringBootContextLoader
11:15:29.802 [main] DEBUG org.springframework.test.context.support.AbstractContextLoader - Did not detect default resource location for test class [com.donatedrop.other.DumpDataInsertion]: class path resource [com/donatedrop/other/DumpDataInsertion-context.xml] does not exist
11:15:29.803 [main] DEBUG org.springframework.test.context.support.AbstractContextLoader - Did not detect default resource location for test class [com.donatedrop.other.DumpDataInsertion]: class path resource [com/donatedrop/other/DumpDataInsertionContext.groovy] does not exist
11:15:29.803 [main] INFO org.springframework.test.context.support.AbstractContextLoader - Could not detect default resource locations for test class [com.donatedrop.other.DumpDataInsertion]: no resource found for suffixes {-context.xml, Context.groovy}.
11:15:29.804 [main] INFO org.springframework.test.context.support.AnnotationConfigContextLoaderUtils - Could not detect default configuration classes for test class [com.donatedrop.other.DumpDataInsertion]: DumpDataInsertion does not declare any static, non-private, non-final, nested classes annotated with @Configuration.
11:15:29.908 [main] DEBUG org.springframework.test.context.support.ActiveProfilesUtils - Could not find an 'annotation declaring class' for annotation type [org.springframework.test.context.ActiveProfiles] and class [com.donatedrop.other.DumpDataInsertion]
11:15:30.108 [main] DEBUG org.springframework.context.annotation.ClassPathScanningCandidateComponentProvider - Identified candidate component class: file [E:\Drive_H\recover\NTFS_3\backUp\Documents\NetBeansProjects\drop\com.donatedrop\back_end\com.donatedrop\target\classes\com\donatedrop\DonateDrop.class]
11:15:30.110 [main] INFO org.springframework.boot.test.context.SpringBootTestContextBootstrapper - Found @SpringBootConfiguration com.donatedrop.DonateDrop for test class com.donatedrop.other.DumpDataInsertion
11:15:30.349 [main] DEBUG org.springframework.boot.test.context.SpringBootTestContextBootstrapper - @TestExecutionListeners is not present for class [com.donatedrop.other.DumpDataInsertion]: using defaults.
11:15:30.350 [main] INFO org.springframework.boot.test.context.SpringBootTestContextBootstrapper - Loaded default TestExecutionListener class names from location [META-INF/spring.factories]: [org.springframework.boot.test.mock.mockito.MockitoTestExecutionListener, org.springframework.boot.test.mock.mockito.ResetMocksTestExecutionListener, org.springframework.boot.test.autoconfigure.restdocs.RestDocsTestExecutionListener, org.springframework.boot.test.autoconfigure.web.client.MockRestServiceServerResetTestExecutionListener, org.springframework.boot.test.autoconfigure.web.servlet.MockMvcPrintOnlyOnFailureTestExecutionListener, org.springframework.boot.test.autoconfigure.web.servlet.WebDriverTestExecutionListener, org.springframework.test.context.web.ServletTestExecutionListener, org.springframework.test.context.support.DirtiesContextBeforeModesTestExecutionListener, org.springframework.test.context.support.DependencyInjectionTestExecutionListener, org.springframework.test.context.support.DirtiesContextTestExecutionListener, org.springframework.test.context.transaction.TransactionalTestExecutionListener, org.springframework.test.context.jdbc.SqlScriptsTestExecutionListener, org.springframework.test.context.event.EventPublishingTestExecutionListener, org.springframework.security.test.context.support.WithSecurityContextTestExecutionListener, org.springframework.security.test.context.support.ReactorContextTestExecutionListener]
11:15:30.389 [main] INFO org.springframework.boot.test.context.SpringBootTestContextBootstrapper - Using TestExecutionListeners: [org.springframework.test.context.web.ServletTestExecutionListener@16150369, org.springframework.test.context.support.DirtiesContextBeforeModesTestExecutionListener@6b09fb41, org.springframework.boot.test.mock.mockito.MockitoTestExecutionListener@624ea235, org.springframework.boot.test.autoconfigure.SpringBootDependencyInjectionTestExecutionListener@3932c79a, org.springframework.test.context.support.DirtiesContextTestExecutionListener@782859e, org.springframework.test.context.transaction.TransactionalTestExecutionListener@23f5b5dc, org.springframework.test.context.jdbc.SqlScriptsTestExecutionListener@34bde49d, org.springframework.test.context.event.EventPublishingTestExecutionListener@1b1cfb87, org.springframework.security.test.context.support.WithSecurityContextTestExecutionListener@821330f, org.springframework.security.test.context.support.ReactorContextTestExecutionListener@6f43c82, org.springframework.boot.test.mock.mockito.ResetMocksTestExecutionListener@5db6b9cd, org.springframework.boot.test.autoconfigure.restdocs.RestDocsTestExecutionListener@210ab13f, org.springframework.boot.test.autoconfigure.web.client.MockRestServiceServerResetTestExecutionListener@20b2475a, org.springframework.boot.test.autoconfigure.web.servlet.MockMvcPrintOnlyOnFailureTestExecutionListener@7857fe2, org.springframework.boot.test.autoconfigure.web.servlet.WebDriverTestExecutionListener@6f15d60e]
11:15:30.395 [main] DEBUG org.springframework.test.context.support.AbstractDirtiesContextTestExecutionListener - Before test class: context [DefaultTestContext@5c86a017 testClass = DumpDataInsertion, testInstance = [null], testMethod = [null], testException = [null], mergedContextConfiguration = [WebMergedContextConfiguration@5c7bfdc1 testClass = DumpDataInsertion, locations = '{}', classes = '{class com.donatedrop.DonateDrop}', contextInitializerClasses = '[]', activeProfiles = '{}', propertySourceLocations = '{}', propertySourceProperties = '{org.springframework.boot.test.context.SpringBootTestContextBootstrapper=true}', contextCustomizers = set[org.springframework.boot.test.context.filter.ExcludeFilterContextCustomizer@776aec5c, org.springframework.boot.test.json.DuplicateJsonObjectContextCustomizerFactory$DuplicateJsonObjectContextCustomizer@75d4a5c2, org.springframework.boot.test.mock.mockito.MockitoContextCustomizer@0, org.springframework.boot.test.web.client.TestRestTemplateContextCustomizer@6150c3ec, org.springframework.boot.test.autoconfigure.properties.PropertyMappingContextCustomizer@0, org.springframework.boot.test.autoconfigure.web.servlet.WebDriverContextCustomizerFactory$Customizer@7eac9008], resourceBasePath = 'src/main/webapp', contextLoader = 'org.springframework.boot.test.context.SpringBootContextLoader', parent = [null]], attributes = map['org.springframework.test.context.web.ServletTestExecutionListener.activateListener' -> true]], class annotated with @DirtiesContext [false] with mode [null].
11:15:30.449 [main] DEBUG org.springframework.test.context.support.TestPropertySourceUtils - Adding inlined properties to environment: {spring.jmx.enabled=false, org.springframework.boot.test.context.SpringBootTestContextBootstrapper=true, server.port=-1}

  .   ____          _            __ _ _
 /\\ / ___'_ __ _ _(_)_ __  __ _ \ \ \ \
( ( )\___ | '_ | '_| | '_ \/ _` | \ \ \ \
 \\/  ___)| |_)| | | | | || (_| |  ) ) ) )
  '  |____| .__|_| |_|_| |_\__, | / / / /
 =========|_|==============|___/=/_/_/_/
 :: Spring Boot ::        (v2.2.6.RELEASE)

2020-05-06 11:15:30.972  INFO 13888 --- [           main] com.donatedrop.other.DumpDataInsertion   : Starting DumpDataInsertion on DESKTOP-VC05DSS with PID 13888 (started by G7 in E:\Drive_H\recover\NTFS_3\backUp\Documents\NetBeansProjects\drop\com.donatedrop\back_end\com.donatedrop)
2020-05-06 11:15:30.974  INFO 13888 --- [           main] com.donatedrop.other.DumpDataInsertion   : No active profile set, falling back to default profiles: default
2020-05-06 11:15:32.851  INFO 13888 --- [           main] .s.d.r.c.RepositoryConfigurationDelegate : Bootstrapping Spring Data JPA repositories in DEFAULT mode.
2020-05-06 11:15:33.050  INFO 13888 --- [           main] .s.d.r.c.RepositoryConfigurationDelegate : Finished Spring Data repository scanning in 173ms. Found 1 JPA repository interfaces.
2020-05-06 11:15:33.847  INFO 13888 --- [           main] trationDelegate$BeanPostProcessorChecker : Bean 'dataSource' of type [org.springframework.jdbc.datasource.DriverManagerDataSource] is not eligible for getting processed by all BeanPostProcessors (for example: not eligible for auto-proxying)
2020-05-06 11:15:34.236  INFO 13888 --- [           main] o.hibernate.jpa.internal.util.LogHelper  : HHH000204: Processing PersistenceUnitInfo [
	name: default
	...]
2020-05-06 11:15:34.617  INFO 13888 --- [           main] org.hibernate.Version                    : HHH000412: Hibernate Core {5.4.0.Final}
2020-05-06 11:15:34.621  INFO 13888 --- [           main] org.hibernate.cfg.Environment            : HHH000206: hibernate.properties not found
2020-05-06 11:15:35.232  INFO 13888 --- [           main] o.hibernate.annotations.common.Version   : HCANN000001: Hibernate Commons Annotations {5.1.0.Final}
2020-05-06 11:15:36.881  INFO 13888 --- [           main] org.hibernate.dialect.Dialect            : HHH000400: Using dialect: org.hibernate.dialect.MySQL57Dialect
2020-05-06 11:15:40.412  INFO 13888 --- [           main] o.h.e.t.j.p.i.JtaPlatformInitiator       : HHH000490: Using JtaPlatform implementation: [org.hibernate.engine.transaction.jta.platform.internal.NoJtaPlatform]
2020-05-06 11:15:40.472  INFO 13888 --- [           main] o.h.h.i.QueryTranslatorFactoryInitiator  : HHH000397: Using ASTQueryTranslatorFactory
2020-05-06 11:15:40.814  INFO 13888 --- [           main] j.LocalContainerEntityManagerFactoryBean : Initialized JPA EntityManagerFactory for persistence unit 'default'
2020-05-06 11:15:40.819  INFO 13888 --- [           main] trationDelegate$BeanPostProcessorChecker : Bean 'entityManagerFactory' of type [org.springframework.orm.jpa.LocalContainerEntityManagerFactoryBean] is not eligible for getting processed by all BeanPostProcessors (for example: not eligible for auto-proxying)
2020-05-06 11:15:40.820  INFO 13888 --- [           main] trationDelegate$BeanPostProcessorChecker : Bean 'databaseConfig' of type [com.donatedrop.configs.DatabaseConfig$$EnhancerBySpringCGLIB$$7e131088] is not eligible for getting processed by all BeanPostProcessors (for example: not eligible for auto-proxying)


--Pass : (+JGda2993+)
2020-05-06 11:15:41.500  WARN 13888 --- [           main] JpaBaseConfiguration$JpaWebConfiguration : spring.jpa.open-in-view is enabled by default. Therefore, database queries may be performed during view rendering. Explicitly configure spring.jpa.open-in-view to disable this warning
2020-05-06 11:15:43.243  INFO 13888 --- [           main] o.s.s.web.DefaultSecurityFilterChain     : Creating filter chain: any request, [org.springframework.security.web.context.request.async.WebAsyncManagerIntegrationFilter@2904bc56, org.springframework.security.web.context.SecurityContextPersistenceFilter@11f9b95a, org.springframework.security.web.header.HeaderWriterFilter@14993306, org.springframework.security.web.authentication.logout.LogoutFilter@484b5a21, com.donatedrop.security.filter.JwtRequestFilter@1dd64243, org.springframework.security.web.savedrequest.RequestCacheAwareFilter@687e561b, org.springframework.security.web.servletapi.SecurityContextHolderAwareRequestFilter@1ac3a6f, org.springframework.security.web.authentication.AnonymousAuthenticationFilter@7bb25046, org.springframework.security.web.session.SessionManagementFilter@1468e880, org.springframework.security.web.access.ExceptionTranslationFilter@b4d83ac, org.springframework.security.web.access.intercept.FilterSecurityInterceptor@672d8370]
2020-05-06 11:15:44.093  INFO 13888 --- [           main] o.s.s.concurrent.ThreadPoolTaskExecutor  : Initializing ExecutorService 'applicationTaskExecutor'
2020-05-06 11:15:44.784  INFO 13888 --- [           main] com.donatedrop.other.DumpDataInsertion   : Started DumpDataInsertion in 14.316 seconds (JVM running for 16.97)
]]></system-out>
    <system-err><![CDATA[Loading class `com.mysql.jdbc.Driver'. This is deprecated. The new driver class is `com.mysql.cj.jdbc.Driver'. The driver is automatically registered via the SPI and manual loading of the driver class is generally unnecessary.
]]></system-err>
  </testcase>
</testsuite>