<?xml version="1.0" encoding="UTF-8"?>
<testsuite name="com.donatedrop.article_test.EmployeeRestControllerIntegrationTest" time="0.044" tests="1" errors="0" skipped="0" failures="1">
  <properties>
[...]
</properties>
  <testcase name="givenEmployees_whenGetEmployees_thenReturnJsonArray" classname="com.donatedrop.article_test.EmployeeRestControllerIntegrationTest" time="0.044">
    <failure message="Status expected:&lt;200&gt; but was:&lt;401&gt;" type="java.lang.AssertionError"><![CDATA[java.lang.AssertionError: Status expected:<200> but was:<401>
	at org.springframework.test.util.AssertionErrors.fail(AssertionErrors.java:54)
	at org.springframework.test.util.AssertionErrors.assertEquals(AssertionErrors.java:81)
	at org.springframework.test.web.servlet.result.StatusResultMatchers$10.match(StatusResultMatchers.java:664)
	at org.springframework.test.web.servlet.MockMvc$1.andExpect(MockMvc.java:171)
	at com.donatedrop.article_test.EmployeeRestControllerIntegrationTest.givenEmployees_whenGetEmployees_thenReturnJsonArray(EmployeeRestControllerIntegrationTest.java:59)
]]></failure>
    <system-out><![CDATA[17:24:25.697 [main] DEBUG org.springframework.test.context.junit4.SpringJUnit4ClassRunner - SpringJUnit4ClassRunner constructor called with [class com.donatedrop.article_test.EmployeeRestControllerIntegrationTest]
17:24:25.706 [main] DEBUG org.springframework.test.context.BootstrapUtils - Instantiating CacheAwareContextLoaderDelegate from class [org.springframework.test.context.cache.DefaultCacheAwareContextLoaderDelegate]
17:24:25.714 [main] DEBUG org.springframework.test.context.BootstrapUtils - Instantiating BootstrapContext using constructor [public org.springframework.test.context.support.DefaultBootstrapContext(java.lang.Class,org.springframework.test.context.CacheAwareContextLoaderDelegate)]
17:24:25.731 [main] DEBUG org.springframework.test.context.BootstrapUtils - Instantiating TestContextBootstrapper for test class [com.donatedrop.article_test.EmployeeRestControllerIntegrationTest] from class [org.springframework.boot.test.autoconfigure.web.servlet.WebMvcTestContextBootstrapper]
17:24:25.743 [main] INFO org.springframework.boot.test.autoconfigure.web.servlet.WebMvcTestContextBootstrapper - Neither @ContextConfiguration nor @ContextHierarchy found for test class [com.donatedrop.article_test.EmployeeRestControllerIntegrationTest], using SpringBootContextLoader
17:24:25.746 [main] DEBUG org.springframework.test.context.support.AbstractContextLoader - Did not detect default resource location for test class [com.donatedrop.article_test.EmployeeRestControllerIntegrationTest]: class path resource [com/donatedrop/article_test/EmployeeRestControllerIntegrationTest-context.xml] does not exist
17:24:25.746 [main] DEBUG org.springframework.test.context.support.AbstractContextLoader - Did not detect default resource location for test class [com.donatedrop.article_test.EmployeeRestControllerIntegrationTest]: class path resource [com/donatedrop/article_test/EmployeeRestControllerIntegrationTestContext.groovy] does not exist
17:24:25.746 [main] INFO org.springframework.test.context.support.AbstractContextLoader - Could not detect default resource locations for test class [com.donatedrop.article_test.EmployeeRestControllerIntegrationTest]: no resource found for suffixes {-context.xml, Context.groovy}.
17:24:25.747 [main] INFO org.springframework.test.context.support.AnnotationConfigContextLoaderUtils - Could not detect default configuration classes for test class [com.donatedrop.article_test.EmployeeRestControllerIntegrationTest]: EmployeeRestControllerIntegrationTest does not declare any static, non-private, non-final, nested classes annotated with @Configuration.
17:24:25.793 [main] DEBUG org.springframework.test.context.support.ActiveProfilesUtils - Could not find an 'annotation declaring class' for annotation type [org.springframework.test.context.ActiveProfiles] and class [com.donatedrop.article_test.EmployeeRestControllerIntegrationTest]
17:24:25.800 [main] DEBUG org.springframework.core.env.StandardEnvironment - Adding [systemProperties] PropertySource with lowest search precedence
17:24:25.800 [main] DEBUG org.springframework.core.env.StandardEnvironment - Adding [systemEnvironment] PropertySource with lowest search precedence
17:24:25.800 [main] DEBUG org.springframework.core.env.StandardEnvironment - Initialized StandardEnvironment with PropertySources [systemProperties,systemEnvironment]
17:24:25.807 [main] DEBUG org.springframework.core.io.support.PathMatchingResourcePatternResolver - Resolved classpath location [com/donatedrop/article_test/] to resources [URL [file:/E:/Drive_H/recover/NTFS_3/backUp/Documents/NetBeansProjects/drop/com.donatedrop/back_end/com.donatedrop/target/test-classes/com/donatedrop/article_test/]]
17:24:25.807 [main] DEBUG org.springframework.core.io.support.PathMatchingResourcePatternResolver - Looking for matching resources in directory tree [E:\Drive_H\recover\NTFS_3\backUp\Documents\NetBeansProjects\drop\com.donatedrop\back_end\com.donatedrop\target\test-classes\com\donatedrop\article_test]
17:24:25.807 [main] DEBUG org.springframework.core.io.support.PathMatchingResourcePatternResolver - Searching directory [E:\Drive_H\recover\NTFS_3\backUp\Documents\NetBeansProjects\drop\com.donatedrop\back_end\com.donatedrop\target\test-classes\com\donatedrop\article_test] for files matching pattern [E:/Drive_H/recover/NTFS_3/backUp/Documents/NetBeansProjects/drop/com.donatedrop/back_end/com.donatedrop/target/test-classes/com/donatedrop/article_test/*.class]
17:24:25.810 [main] DEBUG org.springframework.core.io.support.PathMatchingResourcePatternResolver - Resolved location pattern [classpath*:com/donatedrop/article_test/*.class] to resources [file [E:\Drive_H\recover\NTFS_3\backUp\Documents\NetBeansProjects\drop\com.donatedrop\back_end\com.donatedrop\target\test-classes\com\donatedrop\article_test\EmployeeRestControllerIntegrationTest.class], file [E:\Drive_H\recover\NTFS_3\backUp\Documents\NetBeansProjects\drop\com.donatedrop\back_end\com.donatedrop\target\test-classes\com\donatedrop\article_test\Test_ArticleDao.class]]
17:24:25.829 [main] DEBUG org.springframework.core.io.support.PathMatchingResourcePatternResolver - Resolved classpath location [com/donatedrop/] to resources [URL [file:/E:/Drive_H/recover/NTFS_3/backUp/Documents/NetBeansProjects/drop/com.donatedrop/back_end/com.donatedrop/target/test-classes/com/donatedrop/], URL [file:/E:/Drive_H/recover/NTFS_3/backUp/Documents/NetBeansProjects/drop/com.donatedrop/back_end/com.donatedrop/target/classes/com/donatedrop/]]
17:24:25.829 [main] DEBUG org.springframework.core.io.support.PathMatchingResourcePatternResolver - Looking for matching resources in directory tree [E:\Drive_H\recover\NTFS_3\backUp\Documents\NetBeansProjects\drop\com.donatedrop\back_end\com.donatedrop\target\test-classes\com\donatedrop]
17:24:25.830 [main] DEBUG org.springframework.core.io.support.PathMatchingResourcePatternResolver - Searching directory [E:\Drive_H\recover\NTFS_3\backUp\Documents\NetBeansProjects\drop\com.donatedrop\back_end\com.donatedrop\target\test-classes\com\donatedrop] for files matching pattern [E:/Drive_H/recover/NTFS_3/backUp/Documents/NetBeansProjects/drop/com.donatedrop/back_end/com.donatedrop/target/test-classes/com/donatedrop/*.class]
17:24:25.830 [main] DEBUG org.springframework.core.io.support.PathMatchingResourcePatternResolver - Looking for matching resources in directory tree [E:\Drive_H\recover\NTFS_3\backUp\Documents\NetBeansProjects\drop\com.donatedrop\back_end\com.donatedrop\target\classes\com\donatedrop]
17:24:25.830 [main] DEBUG org.springframework.core.io.support.PathMatchingResourcePatternResolver - Searching directory [E:\Drive_H\recover\NTFS_3\backUp\Documents\NetBeansProjects\drop\com.donatedrop\back_end\com.donatedrop\target\classes\com\donatedrop] for files matching pattern [E:/Drive_H/recover/NTFS_3/backUp/Documents/NetBeansProjects/drop/com.donatedrop/back_end/com.donatedrop/target/classes/com/donatedrop/*.class]
17:24:25.831 [main] DEBUG org.springframework.core.io.support.PathMatchingResourcePatternResolver - Resolved location pattern [classpath*:com/donatedrop/*.class] to resources [file [E:\Drive_H\recover\NTFS_3\backUp\Documents\NetBeansProjects\drop\com.donatedrop\back_end\com.donatedrop\target\classes\com\donatedrop\DropDonate.class]]
17:24:25.849 [main] DEBUG org.springframework.context.annotation.ClassPathScanningCandidateComponentProvider - Identified candidate component class: file [E:\Drive_H\recover\NTFS_3\backUp\Documents\NetBeansProjects\drop\com.donatedrop\back_end\com.donatedrop\target\classes\com\donatedrop\DropDonate.class]
17:24:25.850 [main] INFO org.springframework.boot.test.context.SpringBootTestContextBootstrapper - Found @SpringBootConfiguration com.donatedrop.DropDonate for test class com.donatedrop.article_test.EmployeeRestControllerIntegrationTest
17:24:25.852 [main] DEBUG org.springframework.boot.test.autoconfigure.web.servlet.WebMvcTestContextBootstrapper - @TestExecutionListeners is not present for class [com.donatedrop.article_test.EmployeeRestControllerIntegrationTest]: using defaults.
17:24:25.855 [main] INFO org.springframework.boot.test.autoconfigure.web.servlet.WebMvcTestContextBootstrapper - Loaded default TestExecutionListener class names from location [META-INF/spring.factories]: [org.springframework.boot.test.autoconfigure.restdocs.RestDocsTestExecutionListener, org.springframework.boot.test.autoconfigure.web.client.MockRestServiceServerResetTestExecutionListener, org.springframework.boot.test.autoconfigure.web.servlet.MockMvcPrintOnlyOnFailureTestExecutionListener, org.springframework.boot.test.autoconfigure.web.servlet.WebDriverTestExecutionListener, org.springframework.test.context.web.ServletTestExecutionListener, org.springframework.test.context.support.DirtiesContextBeforeModesTestExecutionListener, org.springframework.test.context.support.DependencyInjectionTestExecutionListener, org.springframework.test.context.support.DirtiesContextTestExecutionListener, org.springframework.test.context.transaction.TransactionalTestExecutionListener, org.springframework.test.context.jdbc.SqlScriptsTestExecutionListener, org.springframework.boot.test.mock.mockito.MockitoTestExecutionListener, org.springframework.boot.test.mock.mockito.ResetMocksTestExecutionListener]
17:24:25.876 [main] INFO org.springframework.boot.test.autoconfigure.web.servlet.WebMvcTestContextBootstrapper - Using TestExecutionListeners: [org.springframework.test.context.web.ServletTestExecutionListener@7d3a22a9, org.springframework.test.context.support.DirtiesContextBeforeModesTestExecutionListener@1d082e88, org.springframework.boot.test.autoconfigure.SpringBootDependencyInjectionTestExecutionListener@60704c, org.springframework.test.context.support.DirtiesContextTestExecutionListener@6b19b79, org.springframework.test.context.transaction.TransactionalTestExecutionListener@2a32de6c, org.springframework.test.context.jdbc.SqlScriptsTestExecutionListener@7692d9cc, org.springframework.boot.test.autoconfigure.web.client.MockRestServiceServerResetTestExecutionListener@75f32542, org.springframework.boot.test.autoconfigure.web.servlet.WebDriverTestExecutionListener@7f1302d6, org.springframework.boot.test.mock.mockito.MockitoTestExecutionListener@43ee72e6, org.springframework.boot.test.autoconfigure.web.servlet.MockMvcPrintOnlyOnFailureTestExecutionListener@23529fee, org.springframework.boot.test.mock.mockito.ResetMocksTestExecutionListener@4fe767f3, org.springframework.boot.test.autoconfigure.restdocs.RestDocsTestExecutionListener@2805c96b]
17:24:25.878 [main] DEBUG org.springframework.test.annotation.ProfileValueUtils - Retrieved @ProfileValueSourceConfiguration [null] for test class [com.donatedrop.article_test.EmployeeRestControllerIntegrationTest]
17:24:25.878 [main] DEBUG org.springframework.test.annotation.ProfileValueUtils - Retrieved ProfileValueSource type [class org.springframework.test.annotation.SystemProfileValueSource] for class [com.donatedrop.article_test.EmployeeRestControllerIntegrationTest]
17:24:25.880 [main] DEBUG org.springframework.test.context.junit4.SpringJUnit4ClassRunner - SpringJUnit4ClassRunner constructor called with [class com.donatedrop.article_test.EmployeeRestControllerIntegrationTest]
17:24:25.880 [main] DEBUG org.springframework.test.context.BootstrapUtils - Instantiating CacheAwareContextLoaderDelegate from class [org.springframework.test.context.cache.DefaultCacheAwareContextLoaderDelegate]
17:24:25.880 [main] DEBUG org.springframework.test.context.BootstrapUtils - Instantiating BootstrapContext using constructor [public org.springframework.test.context.support.DefaultBootstrapContext(java.lang.Class,org.springframework.test.context.CacheAwareContextLoaderDelegate)]
17:24:25.881 [main] DEBUG org.springframework.test.context.BootstrapUtils - Instantiating TestContextBootstrapper for test class [com.donatedrop.article_test.EmployeeRestControllerIntegrationTest] from class [org.springframework.boot.test.autoconfigure.web.servlet.WebMvcTestContextBootstrapper]
17:24:25.881 [main] INFO org.springframework.boot.test.autoconfigure.web.servlet.WebMvcTestContextBootstrapper - Neither @ContextConfiguration nor @ContextHierarchy found for test class [com.donatedrop.article_test.EmployeeRestControllerIntegrationTest], using SpringBootContextLoader
17:24:25.882 [main] DEBUG org.springframework.test.context.support.AbstractContextLoader - Did not detect default resource location for test class [com.donatedrop.article_test.EmployeeRestControllerIntegrationTest]: class path resource [com/donatedrop/article_test/EmployeeRestControllerIntegrationTest-context.xml] does not exist
17:24:25.883 [main] DEBUG org.springframework.test.context.support.AbstractContextLoader - Did not detect default resource location for test class [com.donatedrop.article_test.EmployeeRestControllerIntegrationTest]: class path resource [com/donatedrop/article_test/EmployeeRestControllerIntegrationTestContext.groovy] does not exist
17:24:25.883 [main] INFO org.springframework.test.context.support.AbstractContextLoader - Could not detect default resource locations for test class [com.donatedrop.article_test.EmployeeRestControllerIntegrationTest]: no resource found for suffixes {-context.xml, Context.groovy}.
17:24:25.883 [main] INFO org.springframework.test.context.support.AnnotationConfigContextLoaderUtils - Could not detect default configuration classes for test class [com.donatedrop.article_test.EmployeeRestControllerIntegrationTest]: EmployeeRestControllerIntegrationTest does not declare any static, non-private, non-final, nested classes annotated with @Configuration.
17:24:25.890 [main] DEBUG org.springframework.test.context.support.ActiveProfilesUtils - Could not find an 'annotation declaring class' for annotation type [org.springframework.test.context.ActiveProfiles] and class [com.donatedrop.article_test.EmployeeRestControllerIntegrationTest]
17:24:25.891 [main] DEBUG org.springframework.core.env.StandardEnvironment - Adding [systemProperties] PropertySource with lowest search precedence
17:24:25.891 [main] DEBUG org.springframework.core.env.StandardEnvironment - Adding [systemEnvironment] PropertySource with lowest search precedence
17:24:25.891 [main] DEBUG org.springframework.core.env.StandardEnvironment - Initialized StandardEnvironment with PropertySources [systemProperties,systemEnvironment]
17:24:25.891 [main] INFO org.springframework.boot.test.context.SpringBootTestContextBootstrapper - Found @SpringBootConfiguration com.donatedrop.DropDonate for test class com.donatedrop.article_test.EmployeeRestControllerIntegrationTest
17:24:25.892 [main] DEBUG org.springframework.boot.test.autoconfigure.web.servlet.WebMvcTestContextBootstrapper - @TestExecutionListeners is not present for class [com.donatedrop.article_test.EmployeeRestControllerIntegrationTest]: using defaults.
17:24:25.895 [main] INFO org.springframework.boot.test.autoconfigure.web.servlet.WebMvcTestContextBootstrapper - Loaded default TestExecutionListener class names from location [META-INF/spring.factories]: [org.springframework.boot.test.autoconfigure.restdocs.RestDocsTestExecutionListener, org.springframework.boot.test.autoconfigure.web.client.MockRestServiceServerResetTestExecutionListener, org.springframework.boot.test.autoconfigure.web.servlet.MockMvcPrintOnlyOnFailureTestExecutionListener, org.springframework.boot.test.autoconfigure.web.servlet.WebDriverTestExecutionListener, org.springframework.test.context.web.ServletTestExecutionListener, org.springframework.test.context.support.DirtiesContextBeforeModesTestExecutionListener, org.springframework.test.context.support.DependencyInjectionTestExecutionListener, org.springframework.test.context.support.DirtiesContextTestExecutionListener, org.springframework.test.context.transaction.TransactionalTestExecutionListener, org.springframework.test.context.jdbc.SqlScriptsTestExecutionListener, org.springframework.boot.test.mock.mockito.MockitoTestExecutionListener, org.springframework.boot.test.mock.mockito.ResetMocksTestExecutionListener]
17:24:25.897 [main] INFO org.springframework.boot.test.autoconfigure.web.servlet.WebMvcTestContextBootstrapper - Using TestExecutionListeners: [org.springframework.test.context.web.ServletTestExecutionListener@794cb805, org.springframework.test.context.support.DirtiesContextBeforeModesTestExecutionListener@4b5a5ed1, org.springframework.boot.test.autoconfigure.SpringBootDependencyInjectionTestExecutionListener@59d016c9, org.springframework.test.context.support.DirtiesContextTestExecutionListener@3cc2931c, org.springframework.test.context.transaction.TransactionalTestExecutionListener@20d28811, org.springframework.test.context.jdbc.SqlScriptsTestExecutionListener@3967e60c, org.springframework.boot.test.autoconfigure.web.client.MockRestServiceServerResetTestExecutionListener@60d8c9b7, org.springframework.boot.test.autoconfigure.web.servlet.WebDriverTestExecutionListener@48aaecc3, org.springframework.boot.test.mock.mockito.MockitoTestExecutionListener@7c0c77c7, org.springframework.boot.test.autoconfigure.web.servlet.MockMvcPrintOnlyOnFailureTestExecutionListener@7adda9cc, org.springframework.boot.test.mock.mockito.ResetMocksTestExecutionListener@5cee5251, org.springframework.boot.test.autoconfigure.restdocs.RestDocsTestExecutionListener@433d61fb]
17:24:25.898 [main] DEBUG org.springframework.test.annotation.ProfileValueUtils - Retrieved @ProfileValueSourceConfiguration [null] for test class [com.donatedrop.article_test.EmployeeRestControllerIntegrationTest]
17:24:25.898 [main] DEBUG org.springframework.test.annotation.ProfileValueUtils - Retrieved ProfileValueSource type [class org.springframework.test.annotation.SystemProfileValueSource] for class [com.donatedrop.article_test.EmployeeRestControllerIntegrationTest]
17:24:25.898 [main] DEBUG org.springframework.test.annotation.ProfileValueUtils - Retrieved @ProfileValueSourceConfiguration [null] for test class [com.donatedrop.article_test.EmployeeRestControllerIntegrationTest]
17:24:25.899 [main] DEBUG org.springframework.test.annotation.ProfileValueUtils - Retrieved ProfileValueSource type [class org.springframework.test.annotation.SystemProfileValueSource] for class [com.donatedrop.article_test.EmployeeRestControllerIntegrationTest]
17:24:25.900 [main] DEBUG org.springframework.test.context.support.AbstractDirtiesContextTestExecutionListener - Before test class: context [DefaultTestContext@363ee3a2 testClass = EmployeeRestControllerIntegrationTest, testInstance = [null], testMethod = [null], testException = [null], mergedContextConfiguration = [WebMergedContextConfiguration@4690b489 testClass = EmployeeRestControllerIntegrationTest, locations = '{}', classes = '{class com.donatedrop.DropDonate}', contextInitializerClasses = '[]', activeProfiles = '{}', propertySourceLocations = '{}', propertySourceProperties = '{org.springframework.boot.test.autoconfigure.web.servlet.WebMvcTestContextBootstrapper=true}', contextCustomizers = set[org.springframework.boot.test.autoconfigure.OverrideAutoConfigurationContextCustomizerFactory$DisableAutoConfigurationContextCustomizer@1060b431, org.springframework.boot.test.autoconfigure.filter.TypeExcludeFiltersContextCustomizer@72a9545d, org.springframework.boot.test.autoconfigure.properties.PropertyMappingContextCustomizer@a78dceeb, org.springframework.boot.test.autoconfigure.web.servlet.WebDriverContextCustomizerFactory$Customizer@6eceb130, org.springframework.boot.test.context.ImportsContextCustomizer@77afeb2f, org.springframework.boot.test.context.filter.ExcludeFilterContextCustomizer@16f7c8c1, org.springframework.boot.test.mock.mockito.MockitoContextCustomizer@1cbea1c4], resourceBasePath = '', contextLoader = 'org.springframework.boot.test.context.SpringBootContextLoader', parent = [null]]], class annotated with @DirtiesContext [false] with mode [null].
17:24:25.901 [main] DEBUG org.springframework.test.annotation.ProfileValueUtils - Retrieved @ProfileValueSourceConfiguration [null] for test class [com.donatedrop.article_test.EmployeeRestControllerIntegrationTest]
17:24:25.901 [main] DEBUG org.springframework.test.annotation.ProfileValueUtils - Retrieved ProfileValueSource type [class org.springframework.test.annotation.SystemProfileValueSource] for class [com.donatedrop.article_test.EmployeeRestControllerIntegrationTest]
17:24:25.903 [main] DEBUG org.springframework.test.context.support.DependencyInjectionTestExecutionListener - Performing dependency injection for test context [[DefaultTestContext@363ee3a2 testClass = EmployeeRestControllerIntegrationTest, testInstance = com.donatedrop.article_test.EmployeeRestControllerIntegrationTest@2f7c2f4f, testMethod = [null], testException = [null], mergedContextConfiguration = [WebMergedContextConfiguration@4690b489 testClass = EmployeeRestControllerIntegrationTest, locations = '{}', classes = '{class com.donatedrop.DropDonate}', contextInitializerClasses = '[]', activeProfiles = '{}', propertySourceLocations = '{}', propertySourceProperties = '{org.springframework.boot.test.autoconfigure.web.servlet.WebMvcTestContextBootstrapper=true}', contextCustomizers = set[org.springframework.boot.test.autoconfigure.OverrideAutoConfigurationContextCustomizerFactory$DisableAutoConfigurationContextCustomizer@1060b431, org.springframework.boot.test.autoconfigure.filter.TypeExcludeFiltersContextCustomizer@72a9545d, org.springframework.boot.test.autoconfigure.properties.PropertyMappingContextCustomizer@a78dceeb, org.springframework.boot.test.autoconfigure.web.servlet.WebDriverContextCustomizerFactory$Customizer@6eceb130, org.springframework.boot.test.context.ImportsContextCustomizer@77afeb2f, org.springframework.boot.test.context.filter.ExcludeFilterContextCustomizer@16f7c8c1, org.springframework.boot.test.mock.mockito.MockitoContextCustomizer@1cbea1c4], resourceBasePath = '', contextLoader = 'org.springframework.boot.test.context.SpringBootContextLoader', parent = [null]]]].
17:24:25.957 [main] DEBUG org.springframework.core.env.StandardEnvironment - Adding [systemProperties] PropertySource with lowest search precedence
17:24:25.957 [main] DEBUG org.springframework.core.env.StandardEnvironment - Adding [systemEnvironment] PropertySource with lowest search precedence
17:24:25.957 [main] DEBUG org.springframework.core.env.StandardEnvironment - Initialized StandardEnvironment with PropertySources [systemProperties,systemEnvironment]
17:24:25.958 [main] DEBUG org.springframework.test.context.support.TestPropertySourceUtils - Adding inlined properties to environment: {spring.jmx.enabled=false, org.springframework.boot.test.autoconfigure.web.servlet.WebMvcTestContextBootstrapper=true, server.port=-1}
17:24:25.958 [main] DEBUG org.springframework.core.env.StandardEnvironment - Adding [Inlined Test Properties] PropertySource with highest search precedence

  .   ____          _            __ _ _
 /\\ / ___'_ __ _ _(_)_ __  __ _ \ \ \ \
( ( )\___ | '_ | '_| | '_ \/ _` | \ \ \ \
 \\/  ___)| |_)| | | | | || (_| |  ) ) ) )
  '  |____| .__|_| |_|_| |_\__, | / / / /
 =========|_|==============|___/=/_/_/_/
 :: Spring Boot ::        (v1.5.2.RELEASE)

2020-03-24 17:24:26.194  INFO 18568 --- [           main] .a.EmployeeRestControllerIntegrationTest : Starting EmployeeRestControllerIntegrationTest on DESKTOP-VC05DSS with PID 18568 (started by G7 in E:\Drive_H\recover\NTFS_3\backUp\Documents\NetBeansProjects\drop\com.donatedrop\back_end\com.donatedrop)
2020-03-24 17:24:26.194  INFO 18568 --- [           main] .a.EmployeeRestControllerIntegrationTest : No active profile set, falling back to default profiles: default
2020-03-24 17:24:26.208  INFO 18568 --- [           main] o.s.w.c.s.GenericWebApplicationContext   : Refreshing org.springframework.web.context.support.GenericWebApplicationContext@5d0bf09b: startup date [Tue Mar 24 17:24:26 BDT 2020]; root of context hierarchy
2020-03-24 17:24:27.358  INFO 18568 --- [           main] s.w.s.m.m.a.RequestMappingHandlerAdapter : Looking for @ControllerAdvice: org.springframework.web.context.support.GenericWebApplicationContext@5d0bf09b: startup date [Tue Mar 24 17:24:26 BDT 2020]; root of context hierarchy
2020-03-24 17:24:27.423  INFO 18568 --- [           main] s.w.s.m.m.a.RequestMappingHandlerMapping : Mapped "{[/test/test],methods=[GET]}" onto public java.lang.String com.donatedrop.articles.old.ArticleController.test()
2020-03-24 17:24:27.424  INFO 18568 --- [           main] s.w.s.m.m.a.RequestMappingHandlerMapping : Mapped "{[/test/articles],methods=[GET]}" onto public org.springframework.http.ResponseEntity<java.util.List<com.donatedrop.articles.Articles>> com.donatedrop.articles.old.ArticleController.getAllArticles()
2020-03-24 17:24:27.424  INFO 18568 --- [           main] s.w.s.m.m.a.RequestMappingHandlerMapping : Mapped "{[/test/article/{id}],methods=[DELETE]}" onto public org.springframework.http.ResponseEntity<java.lang.Void> com.donatedrop.articles.old.ArticleController.deleteArticle(java.lang.Integer)
2020-03-24 17:24:27.424  INFO 18568 --- [           main] s.w.s.m.m.a.RequestMappingHandlerMapping : Mapped "{[/test/article],methods=[POST]}" onto public org.springframework.http.ResponseEntity<java.lang.Void> com.donatedrop.articles.old.ArticleController.addArticle(com.donatedrop.articles.Articles,org.springframework.web.util.UriComponentsBuilder)
2020-03-24 17:24:27.424  INFO 18568 --- [           main] s.w.s.m.m.a.RequestMappingHandlerMapping : Mapped "{[/test/article/{id}],methods=[GET]}" onto public org.springframework.http.ResponseEntity<com.donatedrop.articles.Articles> com.donatedrop.articles.old.ArticleController.getArticleById(java.lang.Integer)
2020-03-24 17:24:27.424  INFO 18568 --- [           main] s.w.s.m.m.a.RequestMappingHandlerMapping : Mapped "{[/test/article2],methods=[POST]}" onto public java.lang.String com.donatedrop.articles.old.ArticleController.addArticle2(com.donatedrop.articles.Articles,org.springframework.web.util.UriComponentsBuilder)
2020-03-24 17:24:27.424  INFO 18568 --- [           main] s.w.s.m.m.a.RequestMappingHandlerMapping : Mapped "{[/test/article],methods=[PUT]}" onto public org.springframework.http.ResponseEntity<com.donatedrop.articles.Articles> com.donatedrop.articles.old.ArticleController.updateArticle(com.donatedrop.articles.Articles)
2020-03-24 17:24:27.425  INFO 18568 --- [           main] s.w.s.m.m.a.RequestMappingHandlerMapping : Mapped "{[/error]}" onto public org.springframework.http.ResponseEntity<java.util.Map<java.lang.String, java.lang.Object>> org.springframework.boot.autoconfigure.web.BasicErrorController.error(javax.servlet.http.HttpServletRequest)
2020-03-24 17:24:27.425  INFO 18568 --- [           main] s.w.s.m.m.a.RequestMappingHandlerMapping : Mapped "{[/error],produces=[text/html]}" onto public org.springframework.web.servlet.ModelAndView org.springframework.boot.autoconfigure.web.BasicErrorController.errorHtml(javax.servlet.http.HttpServletRequest,javax.servlet.http.HttpServletResponse)
2020-03-24 17:24:27.447  INFO 18568 --- [           main] o.s.w.s.handler.SimpleUrlHandlerMapping  : Mapped URL path [/webjars/**] onto handler of type [class org.springframework.web.servlet.resource.ResourceHttpRequestHandler]
2020-03-24 17:24:27.447  INFO 18568 --- [           main] o.s.w.s.handler.SimpleUrlHandlerMapping  : Mapped URL path [/**] onto handler of type [class org.springframework.web.servlet.resource.ResourceHttpRequestHandler]
2020-03-24 17:24:27.475  INFO 18568 --- [           main] o.s.w.s.handler.SimpleUrlHandlerMapping  : Mapped URL path [/**/favicon.ico] onto handler of type [class org.springframework.web.servlet.resource.ResourceHttpRequestHandler]
2020-03-24 17:24:27.873  INFO 18568 --- [           main] b.a.s.AuthenticationManagerConfiguration : 

Using default security password: 8ee0b12d-b848-4e07-b0e7-c87ffcdd2c54

2020-03-24 17:24:27.915  INFO 18568 --- [           main] o.s.s.web.DefaultSecurityFilterChain     : Creating filter chain: OrRequestMatcher [requestMatchers=[Ant [pattern='/css/**'], Ant [pattern='/js/**'], Ant [pattern='/images/**'], Ant [pattern='/webjars/**'], Ant [pattern='/**/favicon.ico'], Ant [pattern='/error']]], []
2020-03-24 17:24:27.973  INFO 18568 --- [           main] o.s.s.web.DefaultSecurityFilterChain     : Creating filter chain: OrRequestMatcher [requestMatchers=[Ant [pattern='/**']]], [org.springframework.security.web.context.request.async.WebAsyncManagerIntegrationFilter@75e710b, org.springframework.security.web.context.SecurityContextPersistenceFilter@3c904f1e, org.springframework.security.web.header.HeaderWriterFilter@7ce4de34, org.springframework.security.web.authentication.logout.LogoutFilter@252f626c, org.springframework.security.web.authentication.www.BasicAuthenticationFilter@31464a43, org.springframework.security.web.savedrequest.RequestCacheAwareFilter@d56aaa6, org.springframework.security.web.servletapi.SecurityContextHolderAwareRequestFilter@6fd77352, org.springframework.security.web.authentication.AnonymousAuthenticationFilter@26f7cdf8, org.springframework.security.web.session.SessionManagementFilter@6df3e44c, org.springframework.security.web.access.ExceptionTranslationFilter@2c43eb8, org.springframework.security.web.access.intercept.FilterSecurityInterceptor@6c03fb16]
2020-03-24 17:24:27.994  INFO 18568 --- [           main] o.s.b.t.m.w.SpringBootMockServletContext : Initializing Spring FrameworkServlet ''
2020-03-24 17:24:27.994  INFO 18568 --- [           main] o.s.t.web.servlet.TestDispatcherServlet  : FrameworkServlet '': initialization started
2020-03-24 17:24:28.004  INFO 18568 --- [           main] o.s.t.web.servlet.TestDispatcherServlet  : FrameworkServlet '': initialization completed in 10 ms
2020-03-24 17:24:28.059  INFO 18568 --- [           main] .a.EmployeeRestControllerIntegrationTest : Started EmployeeRestControllerIntegrationTest in 2.094 seconds (JVM running for 2.708)
-------------------------Start----------------------------------

MockHttpServletRequest:
      HTTP Method = GET
      Request URI = /test/test
       Parameters = {}
          Headers = {Content-Type=[application/json]}

Handler:
             Type = null

Async:
    Async started = false
     Async result = null

Resolved Exception:
             Type = null

ModelAndView:
        View name = null
             View = null
            Model = null

FlashMap:
       Attributes = null

MockHttpServletResponse:
           Status = 401
    Error message = Full authentication is required to access this resource
          Headers = {Access-Control-Allow-Origin=[*], Access-Control-Allow-Credentials=[true], Access-Control-Allow-Methods=[POST, PUT, GET, OPTIONS, DELETE], Access-Control-Max-Age=[3600], Access-Control-Allow-Headers=[X-Requested-With, Authorization, Origin, Content-Type, Version], Access-Control-Expose-Headers=[X-Requested-With, Authorization, Origin, Content-Type], X-Content-Type-Options=[nosniff], X-XSS-Protection=[1; mode=block], Cache-Control=[no-cache, no-store, max-age=0, must-revalidate], Pragma=[no-cache], Expires=[0], X-Frame-Options=[DENY], Strict-Transport-Security=[max-age=31536000 ; includeSubDomains], WWW-Authenticate=[Basic realm="Spring"]}
     Content type = null
             Body = 
    Forwarded URL = null
   Redirected URL = null
          Cookies = []
]]></system-out>
  </testcase>
</testsuite>