<?xml version="1.0" encoding="UTF-8"?>
<testsuite xmlns:xsi="http://www.w3.org/2001/XMLSchema-instance" xsi:noNamespaceSchemaLocation="https://maven.apache.org/surefire/maven-surefire-plugin/xsd/surefire-test-report.xsd" name="com.donatedrop.profile_basic.Temp_Test" time="1.755" tests="1" errors="1" skipped="0" failures="0">
  <properties>
[...]
</properties>
  <testcase name="test1_readAddress" classname="com.donatedrop.profile_basic.Temp_Test" time="0">
    <error message="Failed to load ApplicationContext" type="java.lang.IllegalStateException">java.lang.IllegalStateException: Failed to load ApplicationContext
Caused by: org.springframework.beans.factory.UnsatisfiedDependencyException: Error creating bean with name 'mailController': Unsatisfied dependency expressed through field 'template'; nested exception is org.springframework.beans.factory.NoSuchBeanDefinitionException: No qualifying bean of type 'org.springframework.mail.SimpleMailMessage' available: expected at least 1 bean which qualifies as autowire candidate. Dependency annotations: {@org.springframework.beans.factory.annotation.Autowired(required=true)}
Caused by: org.springframework.beans.factory.NoSuchBeanDefinitionException: No qualifying bean of type 'org.springframework.mail.SimpleMailMessage' available: expected at least 1 bean which qualifies as autowire candidate. Dependency annotations: {@org.springframework.beans.factory.annotation.Autowired(required=true)}
</error>
    <system-out><![CDATA[
  .   ____          _            __ _ _
 /\\ / ___'_ __ _ _(_)_ __  __ _ \ \ \ \
( ( )\___ | '_ | '_| | '_ \/ _` | \ \ \ \
 \\/  ___)| |_)| | | | | || (_| |  ) ) ) )
  '  |____| .__|_| |_|_| |_\__, | / / / /
 =========|_|==============|___/=/_/_/_/
 :: Spring Boot ::        (v2.2.6.RELEASE)

2020-04-16 13:49:20.442  INFO 8156 --- [           main] com.donatedrop.profile_basic.Temp_Test   : Starting Temp_Test on DESKTOP-VC05DSS with PID 8156 (started by G7 in E:\Drive_H\recover\NTFS_3\backUp\Documents\NetBeansProjects\drop\com.donatedrop\back_end\com.donatedrop)
2020-04-16 13:49:20.442  INFO 8156 --- [           main] com.donatedrop.profile_basic.Temp_Test   : No active profile set, falling back to default profiles: default
2020-04-16 13:49:20.669  INFO 8156 --- [           main] .s.d.r.c.RepositoryConfigurationDelegate : Bootstrapping Spring Data JPA repositories in DEFAULT mode.
2020-04-16 13:49:20.707  INFO 8156 --- [           main] .s.d.r.c.RepositoryConfigurationDelegate : Finished Spring Data repository scanning in 37ms. Found 1 JPA repository interfaces.
2020-04-16 13:49:20.759  INFO 8156 --- [           main] trationDelegate$BeanPostProcessorChecker : Bean 'dataSource' of type [org.springframework.jdbc.datasource.DriverManagerDataSource] is not eligible for getting processed by all BeanPostProcessors (for example: not eligible for auto-proxying)
2020-04-16 13:49:20.796  INFO 8156 --- [           main] o.hibernate.jpa.internal.util.LogHelper  : HHH000204: Processing PersistenceUnitInfo [name: default]
2020-04-16 13:49:20.816  INFO 8156 --- [           main] org.hibernate.dialect.Dialect            : HHH000400: Using dialect: org.hibernate.dialect.MySQL5Dialect
2020-04-16 13:49:21.333 DEBUG 8156 --- [           main] org.hibernate.SQL                        : alter table developer_technology add constraint FKqnok2oduttr1tchbjmat533mn foreign key (technology_id) references technology (id)
Hibernate: alter table developer_technology add constraint FKqnok2oduttr1tchbjmat533mn foreign key (technology_id) references technology (id)
2020-04-16 13:49:21.372 DEBUG 8156 --- [           main] org.hibernate.SQL                        : alter table developer_technology add constraint FK2h6lwo2q0viw53flnhs2sxtt foreign key (developer_id) references developer (id)
Hibernate: alter table developer_technology add constraint FK2h6lwo2q0viw53flnhs2sxtt foreign key (developer_id) references developer (id)
2020-04-16 13:49:21.400 DEBUG 8156 --- [           main] org.hibernate.SQL                        : alter table districts add constraint FKl374uao5cplc8w347pn93svoc foreign key (division_id) references divisions (id)
Hibernate: alter table districts add constraint FKl374uao5cplc8w347pn93svoc foreign key (division_id) references divisions (id)
2020-04-16 13:49:21.435 DEBUG 8156 --- [           main] org.hibernate.SQL                        : alter table EmergencyContact add constraint FKcgp2le7rh11522jtgippl8c59 foreign key (emergency_contact) references ProfileBasic (id)
Hibernate: alter table EmergencyContact add constraint FKcgp2le7rh11522jtgippl8c59 foreign key (emergency_contact) references ProfileBasic (id)
2020-04-16 13:49:21.472 DEBUG 8156 --- [           main] org.hibernate.SQL                        : alter table group_members add constraint FKkv9vlrye4rmhqjq4qohy2n5a6 foreign key (group_id) references groups (id)
Hibernate: alter table group_members add constraint FKkv9vlrye4rmhqjq4qohy2n5a6 foreign key (group_id) references groups (id)
2020-04-16 13:49:21.507 DEBUG 8156 --- [           main] org.hibernate.SQL                        : alter table movie_actor add constraint FKq4aqpwtxhyk1grvro2fs3c3wf foreign key (actors_id) references actor (id)
Hibernate: alter table movie_actor add constraint FKq4aqpwtxhyk1grvro2fs3c3wf foreign key (actors_id) references actor (id)
2020-04-16 13:49:21.548 DEBUG 8156 --- [           main] org.hibernate.SQL                        : alter table movie_actor add constraint FKgfw38creaw38j9dhxfsobkk8f foreign key (Movie_id) references movie (id)
Hibernate: alter table movie_actor add constraint FKgfw38creaw38j9dhxfsobkk8f foreign key (Movie_id) references movie (id)
2020-04-16 13:49:21.584 DEBUG 8156 --- [           main] org.hibernate.SQL                        : alter table PhoneNumber add constraint FK9q8rq6w5ptcbn3put8mulx5ki foreign key (phone_number) references ProfileBasic (id)
Hibernate: alter table PhoneNumber add constraint FK9q8rq6w5ptcbn3put8mulx5ki foreign key (phone_number) references ProfileBasic (id)
2020-04-16 13:49:21.642 DEBUG 8156 --- [           main] org.hibernate.SQL                        : alter table ProfileBasic add constraint FKe1hfnck2s7mk1tj2fao30a530 foreign key (address_permanent) references Address (id)
Hibernate: alter table ProfileBasic add constraint FKe1hfnck2s7mk1tj2fao30a530 foreign key (address_permanent) references Address (id)
2020-04-16 13:49:21.694 DEBUG 8156 --- [           main] org.hibernate.SQL                        : alter table ProfileBasic add constraint FKdsqj1d1ncfsredd77ewjgugnt foreign key (address_present) references Address (id)
Hibernate: alter table ProfileBasic add constraint FKdsqj1d1ncfsredd77ewjgugnt foreign key (address_present) references Address (id)
2020-04-16 13:49:21.747 DEBUG 8156 --- [           main] org.hibernate.SQL                        : alter table unions add constraint FK849t21a11ly8u09x67ls7nacw foreign key (upazilla_id) references upazilas (id)
Hibernate: alter table unions add constraint FK849t21a11ly8u09x67ls7nacw foreign key (upazilla_id) references upazilas (id)
2020-04-16 13:49:21.799 DEBUG 8156 --- [           main] org.hibernate.SQL                        : alter table upazilas add constraint FKc9j6o0ghrpboonbpvbgyonvq3 foreign key (district_id) references districts (id)
Hibernate: alter table upazilas add constraint FKc9j6o0ghrpboonbpvbgyonvq3 foreign key (district_id) references districts (id)
2020-04-16 13:49:21.824 DEBUG 8156 --- [           main] org.hibernate.SQL                        : alter table USER_AUTHORITY add constraint FK5o90demi9pdvawuvokvkqhfg2 foreign key (AUTHORITY_ID) references AUTHORITY (ID)
Hibernate: alter table USER_AUTHORITY add constraint FK5o90demi9pdvawuvokvkqhfg2 foreign key (AUTHORITY_ID) references AUTHORITY (ID)
2020-04-16 13:49:21.859 DEBUG 8156 --- [           main] org.hibernate.SQL                        : alter table USER_AUTHORITY add constraint FKkqt0we0xoa20dcsogl5gqrhsl foreign key (USER_ID) references USER (ID)
Hibernate: alter table USER_AUTHORITY add constraint FKkqt0we0xoa20dcsogl5gqrhsl foreign key (USER_ID) references USER (ID)
2020-04-16 13:49:21.904  INFO 8156 --- [           main] o.h.e.t.j.p.i.JtaPlatformInitiator       : HHH000490: Using JtaPlatform implementation: [org.hibernate.engine.transaction.jta.platform.internal.NoJtaPlatform]
2020-04-16 13:49:21.936  INFO 8156 --- [           main] j.LocalContainerEntityManagerFactoryBean : Initialized JPA EntityManagerFactory for persistence unit 'default'
2020-04-16 13:49:21.936  INFO 8156 --- [           main] trationDelegate$BeanPostProcessorChecker : Bean 'entityManagerFactory' of type [org.springframework.orm.jpa.LocalContainerEntityManagerFactoryBean] is not eligible for getting processed by all BeanPostProcessors (for example: not eligible for auto-proxying)
2020-04-16 13:49:21.936  INFO 8156 --- [           main] trationDelegate$BeanPostProcessorChecker : Bean 'databaseConfig' of type [com.donatedrop.util.DatabaseConfig$$EnhancerBySpringCGLIB$$f36af738] is not eligible for getting processed by all BeanPostProcessors (for example: not eligible for auto-proxying)
2020-04-16 13:49:22.054  WARN 8156 --- [           main] o.s.w.c.s.GenericWebApplicationContext   : Exception encountered during context initialization - cancelling refresh attempt: org.springframework.beans.factory.UnsatisfiedDependencyException: Error creating bean with name 'mailController': Unsatisfied dependency expressed through field 'template'; nested exception is org.springframework.beans.factory.NoSuchBeanDefinitionException: No qualifying bean of type 'org.springframework.mail.SimpleMailMessage' available: expected at least 1 bean which qualifies as autowire candidate. Dependency annotations: {@org.springframework.beans.factory.annotation.Autowired(required=true)}
2020-04-16 13:49:22.054  INFO 8156 --- [           main] j.LocalContainerEntityManagerFactoryBean : Closing JPA EntityManagerFactory for persistence unit 'default'
2020-04-16 13:49:22.058  INFO 8156 --- [           main] ConditionEvaluationReportLoggingListener : 

Error starting ApplicationContext. To display the conditions report re-run your application with 'debug' enabled.
2020-04-16 13:49:22.161 ERROR 8156 --- [           main] o.s.b.d.LoggingFailureAnalysisReporter   : 

***************************
APPLICATION FAILED TO START
***************************

Description:

Field template in com.donatedrop.mail.MailController required a bean of type 'org.springframework.mail.SimpleMailMessage' that could not be found.

The injection point has the following annotations:
	- @org.springframework.beans.factory.annotation.Autowired(required=true)


Action:

Consider defining a bean of type 'org.springframework.mail.SimpleMailMessage' in your configuration.

2020-04-16 13:49:22.163 ERROR 8156 --- [           main] o.s.test.context.TestContextManager      : Caught exception while allowing TestExecutionListener [org.springframework.test.context.web.ServletTestExecutionListener@14dd7b39] to prepare test instance [com.donatedrop.profile_basic.Temp_Test@d3fa0e1]

java.lang.IllegalStateException: Failed to load ApplicationContext
	at org.springframework.test.context.cache.DefaultCacheAwareContextLoaderDelegate.loadContext(DefaultCacheAwareContextLoaderDelegate.java:132) ~[spring-test-5.2.5.RELEASE.jar:5.2.5.RELEASE]
	at org.springframework.test.context.support.DefaultTestContext.getApplicationContext(DefaultTestContext.java:123) ~[spring-test-5.2.5.RELEASE.jar:5.2.5.RELEASE]
	at org.springframework.test.context.web.ServletTestExecutionListener.setUpRequestContextIfNecessary(ServletTestExecutionListener.java:190) ~[spring-test-5.2.5.RELEASE.jar:5.2.5.RELEASE]
	at org.springframework.test.context.web.ServletTestExecutionListener.prepareTestInstance(ServletTestExecutionListener.java:132) ~[spring-test-5.2.5.RELEASE.jar:5.2.5.RELEASE]
	at org.springframework.test.context.TestContextManager.prepareTestInstance(TestContextManager.java:244) ~[spring-test-5.2.5.RELEASE.jar:5.2.5.RELEASE]
	at org.springframework.test.context.junit4.SpringJUnit4ClassRunner.createTest(SpringJUnit4ClassRunner.java:227) [spring-test-5.2.5.RELEASE.jar:5.2.5.RELEASE]
	at org.springframework.test.context.junit4.SpringJUnit4ClassRunner$1.runReflectiveCall(SpringJUnit4ClassRunner.java:289) [spring-test-5.2.5.RELEASE.jar:5.2.5.RELEASE]
	at org.junit.internal.runners.model.ReflectiveCallable.run(ReflectiveCallable.java:12) [junit-4.12.jar:4.12]
	at org.springframework.test.context.junit4.SpringJUnit4ClassRunner.methodBlock(SpringJUnit4ClassRunner.java:291) [spring-test-5.2.5.RELEASE.jar:5.2.5.RELEASE]
	at org.springframework.test.context.junit4.SpringJUnit4ClassRunner.runChild(SpringJUnit4ClassRunner.java:246) [spring-test-5.2.5.RELEASE.jar:5.2.5.RELEASE]
	at org.springframework.test.context.junit4.SpringJUnit4ClassRunner.runChild(SpringJUnit4ClassRunner.java:97) [spring-test-5.2.5.RELEASE.jar:5.2.5.RELEASE]
	at org.junit.runners.ParentRunner$3.run(ParentRunner.java:290) [junit-4.12.jar:4.12]
	at org.junit.runners.ParentRunner$1.schedule(ParentRunner.java:71) [junit-4.12.jar:4.12]
	at org.junit.runners.ParentRunner.runChildren(ParentRunner.java:288) [junit-4.12.jar:4.12]
	at org.junit.runners.ParentRunner.access$000(ParentRunner.java:58) [junit-4.12.jar:4.12]
	at org.junit.runners.ParentRunner$2.evaluate(ParentRunner.java:268) [junit-4.12.jar:4.12]
	at org.junit.internal.runners.statements.RunBefores.evaluate(RunBefores.java:26) [junit-4.12.jar:4.12]
	at org.springframework.test.context.junit4.statements.RunBeforeTestClassCallbacks.evaluate(RunBeforeTestClassCallbacks.java:61) [spring-test-5.2.5.RELEASE.jar:5.2.5.RELEASE]
	at org.junit.internal.runners.statements.RunAfters.evaluate(RunAfters.java:27) [junit-4.12.jar:4.12]
	at org.springframework.test.context.junit4.statements.RunAfterTestClassCallbacks.evaluate(RunAfterTestClassCallbacks.java:70) [spring-test-5.2.5.RELEASE.jar:5.2.5.RELEASE]
	at org.junit.runners.ParentRunner.run(ParentRunner.java:363) [junit-4.12.jar:4.12]
	at org.springframework.test.context.junit4.SpringJUnit4ClassRunner.run(SpringJUnit4ClassRunner.java:190) [spring-test-5.2.5.RELEASE.jar:5.2.5.RELEASE]
	at org.junit.runner.JUnitCore.run(JUnitCore.java:137) [junit-4.12.jar:4.12]
	at org.junit.runner.JUnitCore.run(JUnitCore.java:115) [junit-4.12.jar:4.12]
	at org.junit.vintage.engine.execution.RunnerExecutor.execute(RunnerExecutor.java:40) [junit-vintage-engine-5.5.2.jar:5.5.2]
	at java.util.stream.ForEachOps$ForEachOp$OfRef.accept(ForEachOps.java:184) ~[na:1.8.0_102]
	at java.util.stream.ReferencePipeline$3$1.accept(ReferencePipeline.java:193) ~[na:1.8.0_102]
	at java.util.Iterator.forEachRemaining(Iterator.java:116) ~[na:1.8.0_102]
	at java.util.Spliterators$IteratorSpliterator.forEachRemaining(Spliterators.java:1801) ~[na:1.8.0_102]
	at java.util.stream.AbstractPipeline.copyInto(AbstractPipeline.java:481) ~[na:1.8.0_102]
	at java.util.stream.AbstractPipeline.wrapAndCopyInto(AbstractPipeline.java:471) ~[na:1.8.0_102]
	at java.util.stream.ForEachOps$ForEachOp.evaluateSequential(ForEachOps.java:151) ~[na:1.8.0_102]
	at java.util.stream.ForEachOps$ForEachOp$OfRef.evaluateSequential(ForEachOps.java:174) ~[na:1.8.0_102]
	at java.util.stream.AbstractPipeline.evaluate(AbstractPipeline.java:234) ~[na:1.8.0_102]
	at java.util.stream.ReferencePipeline.forEach(ReferencePipeline.java:418) ~[na:1.8.0_102]
	at org.junit.vintage.engine.VintageTestEngine.executeAllChildren(VintageTestEngine.java:80) ~[junit-vintage-engine-5.5.2.jar:5.5.2]
	at org.junit.vintage.engine.VintageTestEngine.execute(VintageTestEngine.java:71) ~[junit-vintage-engine-5.5.2.jar:5.5.2]
	at org.junit.platform.launcher.core.DefaultLauncher.execute(DefaultLauncher.java:220) ~[junit-platform-launcher-1.3.1.jar:1.3.1]
	at org.junit.platform.launcher.core.DefaultLauncher.lambda$execute$6(DefaultLauncher.java:188) ~[junit-platform-launcher-1.3.1.jar:1.3.1]
	at org.junit.platform.launcher.core.DefaultLauncher.withInterceptedStreams(DefaultLauncher.java:202) ~[junit-platform-launcher-1.3.1.jar:1.3.1]
	at org.junit.platform.launcher.core.DefaultLauncher.execute(DefaultLauncher.java:181) ~[junit-platform-launcher-1.3.1.jar:1.3.1]
	at org.junit.platform.launcher.core.DefaultLauncher.execute(DefaultLauncher.java:128) ~[junit-platform-launcher-1.3.1.jar:1.3.1]
	at org.apache.maven.surefire.junitplatform.JUnitPlatformProvider.invokeAllTests(JUnitPlatformProvider.java:150) ~[surefire-junit-platform-2.22.2.jar:2.22.2]
	at org.apache.maven.surefire.junitplatform.JUnitPlatformProvider.invoke(JUnitPlatformProvider.java:124) ~[surefire-junit-platform-2.22.2.jar:2.22.2]
	at org.apache.maven.surefire.booter.ForkedBooter.invokeProviderInSameClassLoader(ForkedBooter.java:384) ~[surefire-booter-2.22.2.jar:2.22.2]
	at org.apache.maven.surefire.booter.ForkedBooter.runSuitesInProcess(ForkedBooter.java:345) ~[surefire-booter-2.22.2.jar:2.22.2]
	at org.apache.maven.surefire.booter.ForkedBooter.execute(ForkedBooter.java:126) ~[surefire-booter-2.22.2.jar:2.22.2]
	at org.apache.maven.surefire.booter.ForkedBooter.main(ForkedBooter.java:418) ~[surefire-booter-2.22.2.jar:2.22.2]
Caused by: org.springframework.beans.factory.UnsatisfiedDependencyException: Error creating bean with name 'mailController': Unsatisfied dependency expressed through field 'template'; nested exception is org.springframework.beans.factory.NoSuchBeanDefinitionException: No qualifying bean of type 'org.springframework.mail.SimpleMailMessage' available: expected at least 1 bean which qualifies as autowire candidate. Dependency annotations: {@org.springframework.beans.factory.annotation.Autowired(required=true)}
	at org.springframework.beans.factory.annotation.AutowiredAnnotationBeanPostProcessor$AutowiredFieldElement.inject(AutowiredAnnotationBeanPostProcessor.java:643) ~[spring-beans-5.2.5.RELEASE.jar:5.2.5.RELEASE]
	at org.springframework.beans.factory.annotation.InjectionMetadata.inject(InjectionMetadata.java:130) ~[spring-beans-5.2.5.RELEASE.jar:5.2.5.RELEASE]
	at org.springframework.beans.factory.annotation.AutowiredAnnotationBeanPostProcessor.postProcessProperties(AutowiredAnnotationBeanPostProcessor.java:399) ~[spring-beans-5.2.5.RELEASE.jar:5.2.5.RELEASE]
	at org.springframework.beans.factory.support.AbstractAutowireCapableBeanFactory.populateBean(AbstractAutowireCapableBeanFactory.java:1422) ~[spring-beans-5.2.5.RELEASE.jar:5.2.5.RELEASE]
	at org.springframework.beans.factory.support.AbstractAutowireCapableBeanFactory.doCreateBean(AbstractAutowireCapableBeanFactory.java:594) ~[spring-beans-5.2.5.RELEASE.jar:5.2.5.RELEASE]
	at org.springframework.beans.factory.support.AbstractAutowireCapableBeanFactory.createBean(AbstractAutowireCapableBeanFactory.java:517) ~[spring-beans-5.2.5.RELEASE.jar:5.2.5.RELEASE]
	at org.springframework.beans.factory.support.AbstractBeanFactory.lambda$doGetBean$0(AbstractBeanFactory.java:323) ~[spring-beans-5.2.5.RELEASE.jar:5.2.5.RELEASE]
	at org.springframework.beans.factory.support.DefaultSingletonBeanRegistry.getSingleton(DefaultSingletonBeanRegistry.java:222) ~[spring-beans-5.2.5.RELEASE.jar:5.2.5.RELEASE]
	at org.springframework.beans.factory.support.AbstractBeanFactory.doGetBean(AbstractBeanFactory.java:321) ~[spring-beans-5.2.5.RELEASE.jar:5.2.5.RELEASE]
	at org.springframework.beans.factory.support.AbstractBeanFactory.getBean(AbstractBeanFactory.java:202) ~[spring-beans-5.2.5.RELEASE.jar:5.2.5.RELEASE]
	at org.springframework.beans.factory.support.DefaultListableBeanFactory.preInstantiateSingletons(DefaultListableBeanFactory.java:882) ~[spring-beans-5.2.5.RELEASE.jar:5.2.5.RELEASE]
	at org.springframework.context.support.AbstractApplicationContext.finishBeanFactoryInitialization(AbstractApplicationContext.java:878) ~[spring-context-5.2.5.RELEASE.jar:5.2.5.RELEASE]
	at org.springframework.context.support.AbstractApplicationContext.refresh(AbstractApplicationContext.java:550) ~[spring-context-5.2.5.RELEASE.jar:5.2.5.RELEASE]
	at org.springframework.boot.SpringApplication.refresh(SpringApplication.java:747) ~[spring-boot-2.2.6.RELEASE.jar:2.2.6.RELEASE]
	at org.springframework.boot.SpringApplication.refreshContext(SpringApplication.java:397) ~[spring-boot-2.2.6.RELEASE.jar:2.2.6.RELEASE]
	at org.springframework.boot.SpringApplication.run(SpringApplication.java:315) ~[spring-boot-2.2.6.RELEASE.jar:2.2.6.RELEASE]
	at org.springframework.boot.test.context.SpringBootContextLoader.loadContext(SpringBootContextLoader.java:126) ~[spring-boot-test-2.2.6.RELEASE.jar:2.2.6.RELEASE]
	at org.springframework.test.context.cache.DefaultCacheAwareContextLoaderDelegate.loadContextInternal(DefaultCacheAwareContextLoaderDelegate.java:99) ~[spring-test-5.2.5.RELEASE.jar:5.2.5.RELEASE]
	at org.springframework.test.context.cache.DefaultCacheAwareContextLoaderDelegate.loadContext(DefaultCacheAwareContextLoaderDelegate.java:124) ~[spring-test-5.2.5.RELEASE.jar:5.2.5.RELEASE]
	... 47 common frames omitted
Caused by: org.springframework.beans.factory.NoSuchBeanDefinitionException: No qualifying bean of type 'org.springframework.mail.SimpleMailMessage' available: expected at least 1 bean which qualifies as autowire candidate. Dependency annotations: {@org.springframework.beans.factory.annotation.Autowired(required=true)}
	at org.springframework.beans.factory.support.DefaultListableBeanFactory.raiseNoMatchingBeanFound(DefaultListableBeanFactory.java:1700) ~[spring-beans-5.2.5.RELEASE.jar:5.2.5.RELEASE]
	at org.springframework.beans.factory.support.DefaultListableBeanFactory.doResolveDependency(DefaultListableBeanFactory.java:1256) ~[spring-beans-5.2.5.RELEASE.jar:5.2.5.RELEASE]
	at org.springframework.beans.factory.support.DefaultListableBeanFactory.resolveDependency(DefaultListableBeanFactory.java:1210) ~[spring-beans-5.2.5.RELEASE.jar:5.2.5.RELEASE]
	at org.springframework.beans.factory.annotation.AutowiredAnnotationBeanPostProcessor$AutowiredFieldElement.inject(AutowiredAnnotationBeanPostProcessor.java:640) ~[spring-beans-5.2.5.RELEASE.jar:5.2.5.RELEASE]
	... 65 common frames omitted

]]></system-out>
  </testcase>
</testsuite>