<?xml version="1.0" encoding="UTF-8"?>
<testsuite name="org.gobeshona.article_test.EmployeeRestControllerIntegrationTest" time="0.044" tests="1" errors="0" skipped="0" failures="1">
  <properties>
[...]
</properties>
  <testcase name="givenEmployees_whenGetEmployees_thenReturnJsonArray" classname="org.gobeshona.article_test.EmployeeRestControllerIntegrationTest" time="0.044">
    <failure message="Status expected:&lt;200&gt; but was:&lt;401&gt;" type="java.lang.AssertionError"><![CDATA[java.lang.AssertionError: Status expected:<200> but was:<401>
	at org.springframework.test.util.AssertionErrors.fail(AssertionErrors.java:54)
	at org.springframework.test.util.AssertionErrors.assertEquals(AssertionErrors.java:81)
	at org.springframework.test.web.servlet.result.StatusResultMatchers$10.match(StatusResultMatchers.java:664)
	at org.springframework.test.web.servlet.MockMvc$1.andExpect(MockMvc.java:171)
	at org.gobeshona.article_test.EmployeeRestControllerIntegrationTest.givenEmployees_whenGetEmployees_thenReturnJsonArray(EmployeeRestControllerIntegrationTest.java:72)
]]></failure>
    <system-out><![CDATA[14:43:14.543 [main] DEBUG org.springframework.test.context.junit4.SpringJUnit4ClassRunner - SpringJUnit4ClassRunner constructor called with [class org.gobeshona.article_test.EmployeeRestControllerIntegrationTest]
14:43:14.548 [main] DEBUG org.springframework.test.context.BootstrapUtils - Instantiating CacheAwareContextLoaderDelegate from class [org.springframework.test.context.cache.DefaultCacheAwareContextLoaderDelegate]
14:43:14.553 [main] DEBUG org.springframework.test.context.BootstrapUtils - Instantiating BootstrapContext using constructor [public org.springframework.test.context.support.DefaultBootstrapContext(java.lang.Class,org.springframework.test.context.CacheAwareContextLoaderDelegate)]
14:43:14.568 [main] DEBUG org.springframework.test.context.BootstrapUtils - Instantiating TestContextBootstrapper for test class [org.gobeshona.article_test.EmployeeRestControllerIntegrationTest] from class [org.springframework.boot.test.autoconfigure.web.servlet.WebMvcTestContextBootstrapper]
14:43:14.578 [main] INFO org.springframework.boot.test.autoconfigure.web.servlet.WebMvcTestContextBootstrapper - Neither @ContextConfiguration nor @ContextHierarchy found for test class [org.gobeshona.article_test.EmployeeRestControllerIntegrationTest], using SpringBootContextLoader
14:43:14.581 [main] DEBUG org.springframework.test.context.support.AbstractContextLoader - Did not detect default resource location for test class [org.gobeshona.article_test.EmployeeRestControllerIntegrationTest]: class path resource [org/gobeshona/article_test/EmployeeRestControllerIntegrationTest-context.xml] does not exist
14:43:14.582 [main] DEBUG org.springframework.test.context.support.AbstractContextLoader - Did not detect default resource location for test class [org.gobeshona.article_test.EmployeeRestControllerIntegrationTest]: class path resource [org/gobeshona/article_test/EmployeeRestControllerIntegrationTestContext.groovy] does not exist
14:43:14.582 [main] INFO org.springframework.test.context.support.AbstractContextLoader - Could not detect default resource locations for test class [org.gobeshona.article_test.EmployeeRestControllerIntegrationTest]: no resource found for suffixes {-context.xml, Context.groovy}.
14:43:14.582 [main] INFO org.springframework.test.context.support.AnnotationConfigContextLoaderUtils - Could not detect default configuration classes for test class [org.gobeshona.article_test.EmployeeRestControllerIntegrationTest]: EmployeeRestControllerIntegrationTest does not declare any static, non-private, non-final, nested classes annotated with @Configuration.
14:43:14.630 [main] DEBUG org.springframework.test.context.support.ActiveProfilesUtils - Could not find an 'annotation declaring class' for annotation type [org.springframework.test.context.ActiveProfiles] and class [org.gobeshona.article_test.EmployeeRestControllerIntegrationTest]
14:43:14.636 [main] DEBUG org.springframework.core.env.StandardEnvironment - Adding [systemProperties] PropertySource with lowest search precedence
14:43:14.637 [main] DEBUG org.springframework.core.env.StandardEnvironment - Adding [systemEnvironment] PropertySource with lowest search precedence
14:43:14.637 [main] DEBUG org.springframework.core.env.StandardEnvironment - Initialized StandardEnvironment with PropertySources [systemProperties,systemEnvironment]
14:43:14.643 [main] DEBUG org.springframework.core.io.support.PathMatchingResourcePatternResolver - Resolved classpath location [org/gobeshona/article_test/] to resources [URL [file:/E:/Drive_H/recover/NTFS_3/backUp/Documents/NetBeansProjects/1.org.gobeshona/org.gobeshona/back_end/org.gobeshona/target/test-classes/org/gobeshona/article_test/]]
14:43:14.643 [main] DEBUG org.springframework.core.io.support.PathMatchingResourcePatternResolver - Looking for matching resources in directory tree [E:\Drive_H\recover\NTFS_3\backUp\Documents\NetBeansProjects\1.org.gobeshona\org.gobeshona\back_end\org.gobeshona\target\test-classes\org\gobeshona\article_test]
14:43:14.644 [main] DEBUG org.springframework.core.io.support.PathMatchingResourcePatternResolver - Searching directory [E:\Drive_H\recover\NTFS_3\backUp\Documents\NetBeansProjects\1.org.gobeshona\org.gobeshona\back_end\org.gobeshona\target\test-classes\org\gobeshona\article_test] for files matching pattern [E:/Drive_H/recover/NTFS_3/backUp/Documents/NetBeansProjects/1.org.gobeshona/org.gobeshona/back_end/org.gobeshona/target/test-classes/org/gobeshona/article_test/*.class]
14:43:14.646 [main] DEBUG org.springframework.core.io.support.PathMatchingResourcePatternResolver - Resolved location pattern [classpath*:org/gobeshona/article_test/*.class] to resources [file [E:\Drive_H\recover\NTFS_3\backUp\Documents\NetBeansProjects\1.org.gobeshona\org.gobeshona\back_end\org.gobeshona\target\test-classes\org\gobeshona\article_test\EmployeeRestControllerIntegrationTest.class], file [E:\Drive_H\recover\NTFS_3\backUp\Documents\NetBeansProjects\1.org.gobeshona\org.gobeshona\back_end\org.gobeshona\target\test-classes\org\gobeshona\article_test\Test_ArticleDao.class]]
14:43:14.660 [main] DEBUG org.springframework.core.io.support.PathMatchingResourcePatternResolver - Resolved classpath location [org/gobeshona/] to resources [URL [file:/E:/Drive_H/recover/NTFS_3/backUp/Documents/NetBeansProjects/1.org.gobeshona/org.gobeshona/back_end/org.gobeshona/target/test-classes/org/gobeshona/], URL [file:/E:/Drive_H/recover/NTFS_3/backUp/Documents/NetBeansProjects/1.org.gobeshona/org.gobeshona/back_end/org.gobeshona/target/classes/org/gobeshona/]]
14:43:14.660 [main] DEBUG org.springframework.core.io.support.PathMatchingResourcePatternResolver - Looking for matching resources in directory tree [E:\Drive_H\recover\NTFS_3\backUp\Documents\NetBeansProjects\1.org.gobeshona\org.gobeshona\back_end\org.gobeshona\target\test-classes\org\gobeshona]
14:43:14.660 [main] DEBUG org.springframework.core.io.support.PathMatchingResourcePatternResolver - Searching directory [E:\Drive_H\recover\NTFS_3\backUp\Documents\NetBeansProjects\1.org.gobeshona\org.gobeshona\back_end\org.gobeshona\target\test-classes\org\gobeshona] for files matching pattern [E:/Drive_H/recover/NTFS_3/backUp/Documents/NetBeansProjects/1.org.gobeshona/org.gobeshona/back_end/org.gobeshona/target/test-classes/org/gobeshona/*.class]
14:43:14.661 [main] DEBUG org.springframework.core.io.support.PathMatchingResourcePatternResolver - Looking for matching resources in directory tree [E:\Drive_H\recover\NTFS_3\backUp\Documents\NetBeansProjects\1.org.gobeshona\org.gobeshona\back_end\org.gobeshona\target\classes\org\gobeshona]
14:43:14.661 [main] DEBUG org.springframework.core.io.support.PathMatchingResourcePatternResolver - Searching directory [E:\Drive_H\recover\NTFS_3\backUp\Documents\NetBeansProjects\1.org.gobeshona\org.gobeshona\back_end\org.gobeshona\target\classes\org\gobeshona] for files matching pattern [E:/Drive_H/recover/NTFS_3/backUp/Documents/NetBeansProjects/1.org.gobeshona/org.gobeshona/back_end/org.gobeshona/target/classes/org/gobeshona/*.class]
14:43:14.663 [main] DEBUG org.springframework.core.io.support.PathMatchingResourcePatternResolver - Resolved location pattern [classpath*:org/gobeshona/*.class] to resources [file [E:\Drive_H\recover\NTFS_3\backUp\Documents\NetBeansProjects\1.org.gobeshona\org.gobeshona\back_end\org.gobeshona\target\classes\org\gobeshona\Gobeshona.class]]
14:43:14.677 [main] DEBUG org.springframework.context.annotation.ClassPathScanningCandidateComponentProvider - Identified candidate component class: file [E:\Drive_H\recover\NTFS_3\backUp\Documents\NetBeansProjects\1.org.gobeshona\org.gobeshona\back_end\org.gobeshona\target\classes\org\gobeshona\Gobeshona.class]
14:43:14.677 [main] INFO org.springframework.boot.test.context.SpringBootTestContextBootstrapper - Found @SpringBootConfiguration org.gobeshona.Gobeshona for test class org.gobeshona.article_test.EmployeeRestControllerIntegrationTest
14:43:14.679 [main] DEBUG org.springframework.boot.test.autoconfigure.web.servlet.WebMvcTestContextBootstrapper - @TestExecutionListeners is not present for class [org.gobeshona.article_test.EmployeeRestControllerIntegrationTest]: using defaults.
14:43:14.682 [main] INFO org.springframework.boot.test.autoconfigure.web.servlet.WebMvcTestContextBootstrapper - Loaded default TestExecutionListener class names from location [META-INF/spring.factories]: [org.springframework.boot.test.autoconfigure.restdocs.RestDocsTestExecutionListener, org.springframework.boot.test.autoconfigure.web.client.MockRestServiceServerResetTestExecutionListener, org.springframework.boot.test.autoconfigure.web.servlet.MockMvcPrintOnlyOnFailureTestExecutionListener, org.springframework.boot.test.autoconfigure.web.servlet.WebDriverTestExecutionListener, org.springframework.test.context.web.ServletTestExecutionListener, org.springframework.test.context.support.DirtiesContextBeforeModesTestExecutionListener, org.springframework.test.context.support.DependencyInjectionTestExecutionListener, org.springframework.test.context.support.DirtiesContextTestExecutionListener, org.springframework.test.context.transaction.TransactionalTestExecutionListener, org.springframework.test.context.jdbc.SqlScriptsTestExecutionListener, org.springframework.boot.test.mock.mockito.MockitoTestExecutionListener, org.springframework.boot.test.mock.mockito.ResetMocksTestExecutionListener]
14:43:14.699 [main] INFO org.springframework.boot.test.autoconfigure.web.servlet.WebMvcTestContextBootstrapper - Using TestExecutionListeners: [org.springframework.test.context.web.ServletTestExecutionListener@7fc2413d, org.springframework.test.context.support.DirtiesContextBeforeModesTestExecutionListener@f8c1ddd, org.springframework.boot.test.autoconfigure.SpringBootDependencyInjectionTestExecutionListener@70be0a2b, org.springframework.test.context.support.DirtiesContextTestExecutionListener@2133814f, org.springframework.test.context.transaction.TransactionalTestExecutionListener@4c15e7fd, org.springframework.test.context.jdbc.SqlScriptsTestExecutionListener@23986957, org.springframework.boot.test.mock.mockito.MockitoTestExecutionListener@23f7d05d, org.springframework.boot.test.autoconfigure.web.client.MockRestServiceServerResetTestExecutionListener@1e730495, org.springframework.boot.test.autoconfigure.restdocs.RestDocsTestExecutionListener@7d3a22a9, org.springframework.boot.test.autoconfigure.web.servlet.MockMvcPrintOnlyOnFailureTestExecutionListener@1d082e88, org.springframework.boot.test.mock.mockito.ResetMocksTestExecutionListener@60704c, org.springframework.boot.test.autoconfigure.web.servlet.WebDriverTestExecutionListener@6b19b79]
14:43:14.701 [main] DEBUG org.springframework.test.annotation.ProfileValueUtils - Retrieved @ProfileValueSourceConfiguration [null] for test class [org.gobeshona.article_test.EmployeeRestControllerIntegrationTest]
14:43:14.701 [main] DEBUG org.springframework.test.annotation.ProfileValueUtils - Retrieved ProfileValueSource type [class org.springframework.test.annotation.SystemProfileValueSource] for class [org.gobeshona.article_test.EmployeeRestControllerIntegrationTest]
14:43:14.703 [main] DEBUG org.springframework.test.context.junit4.SpringJUnit4ClassRunner - SpringJUnit4ClassRunner constructor called with [class org.gobeshona.article_test.EmployeeRestControllerIntegrationTest]
14:43:14.703 [main] DEBUG org.springframework.test.context.BootstrapUtils - Instantiating CacheAwareContextLoaderDelegate from class [org.springframework.test.context.cache.DefaultCacheAwareContextLoaderDelegate]
14:43:14.703 [main] DEBUG org.springframework.test.context.BootstrapUtils - Instantiating BootstrapContext using constructor [public org.springframework.test.context.support.DefaultBootstrapContext(java.lang.Class,org.springframework.test.context.CacheAwareContextLoaderDelegate)]
14:43:14.703 [main] DEBUG org.springframework.test.context.BootstrapUtils - Instantiating TestContextBootstrapper for test class [org.gobeshona.article_test.EmployeeRestControllerIntegrationTest] from class [org.springframework.boot.test.autoconfigure.web.servlet.WebMvcTestContextBootstrapper]
14:43:14.704 [main] INFO org.springframework.boot.test.autoconfigure.web.servlet.WebMvcTestContextBootstrapper - Neither @ContextConfiguration nor @ContextHierarchy found for test class [org.gobeshona.article_test.EmployeeRestControllerIntegrationTest], using SpringBootContextLoader
14:43:14.704 [main] DEBUG org.springframework.test.context.support.AbstractContextLoader - Did not detect default resource location for test class [org.gobeshona.article_test.EmployeeRestControllerIntegrationTest]: class path resource [org/gobeshona/article_test/EmployeeRestControllerIntegrationTest-context.xml] does not exist
14:43:14.705 [main] DEBUG org.springframework.test.context.support.AbstractContextLoader - Did not detect default resource location for test class [org.gobeshona.article_test.EmployeeRestControllerIntegrationTest]: class path resource [org/gobeshona/article_test/EmployeeRestControllerIntegrationTestContext.groovy] does not exist
14:43:14.705 [main] INFO org.springframework.test.context.support.AbstractContextLoader - Could not detect default resource locations for test class [org.gobeshona.article_test.EmployeeRestControllerIntegrationTest]: no resource found for suffixes {-context.xml, Context.groovy}.
14:43:14.705 [main] INFO org.springframework.test.context.support.AnnotationConfigContextLoaderUtils - Could not detect default configuration classes for test class [org.gobeshona.article_test.EmployeeRestControllerIntegrationTest]: EmployeeRestControllerIntegrationTest does not declare any static, non-private, non-final, nested classes annotated with @Configuration.
14:43:14.711 [main] DEBUG org.springframework.test.context.support.ActiveProfilesUtils - Could not find an 'annotation declaring class' for annotation type [org.springframework.test.context.ActiveProfiles] and class [org.gobeshona.article_test.EmployeeRestControllerIntegrationTest]
14:43:14.711 [main] DEBUG org.springframework.core.env.StandardEnvironment - Adding [systemProperties] PropertySource with lowest search precedence
14:43:14.711 [main] DEBUG org.springframework.core.env.StandardEnvironment - Adding [systemEnvironment] PropertySource with lowest search precedence
14:43:14.711 [main] DEBUG org.springframework.core.env.StandardEnvironment - Initialized StandardEnvironment with PropertySources [systemProperties,systemEnvironment]
14:43:14.711 [main] INFO org.springframework.boot.test.context.SpringBootTestContextBootstrapper - Found @SpringBootConfiguration org.gobeshona.Gobeshona for test class org.gobeshona.article_test.EmployeeRestControllerIntegrationTest
14:43:14.712 [main] DEBUG org.springframework.boot.test.autoconfigure.web.servlet.WebMvcTestContextBootstrapper - @TestExecutionListeners is not present for class [org.gobeshona.article_test.EmployeeRestControllerIntegrationTest]: using defaults.
14:43:14.715 [main] INFO org.springframework.boot.test.autoconfigure.web.servlet.WebMvcTestContextBootstrapper - Loaded default TestExecutionListener class names from location [META-INF/spring.factories]: [org.springframework.boot.test.autoconfigure.restdocs.RestDocsTestExecutionListener, org.springframework.boot.test.autoconfigure.web.client.MockRestServiceServerResetTestExecutionListener, org.springframework.boot.test.autoconfigure.web.servlet.MockMvcPrintOnlyOnFailureTestExecutionListener, org.springframework.boot.test.autoconfigure.web.servlet.WebDriverTestExecutionListener, org.springframework.test.context.web.ServletTestExecutionListener, org.springframework.test.context.support.DirtiesContextBeforeModesTestExecutionListener, org.springframework.test.context.support.DependencyInjectionTestExecutionListener, org.springframework.test.context.support.DirtiesContextTestExecutionListener, org.springframework.test.context.transaction.TransactionalTestExecutionListener, org.springframework.test.context.jdbc.SqlScriptsTestExecutionListener, org.springframework.boot.test.mock.mockito.MockitoTestExecutionListener, org.springframework.boot.test.mock.mockito.ResetMocksTestExecutionListener]
14:43:14.717 [main] INFO org.springframework.boot.test.autoconfigure.web.servlet.WebMvcTestContextBootstrapper - Using TestExecutionListeners: [org.springframework.test.context.web.ServletTestExecutionListener@1f0f1111, org.springframework.test.context.support.DirtiesContextBeforeModesTestExecutionListener@49c386c8, org.springframework.boot.test.autoconfigure.SpringBootDependencyInjectionTestExecutionListener@56528192, org.springframework.test.context.support.DirtiesContextTestExecutionListener@6e0dec4a, org.springframework.test.context.transaction.TransactionalTestExecutionListener@96def03, org.springframework.test.context.jdbc.SqlScriptsTestExecutionListener@5ccddd20, org.springframework.boot.test.mock.mockito.MockitoTestExecutionListener@1ed1993a, org.springframework.boot.test.autoconfigure.web.client.MockRestServiceServerResetTestExecutionListener@1f3f4916, org.springframework.boot.test.autoconfigure.restdocs.RestDocsTestExecutionListener@794cb805, org.springframework.boot.test.autoconfigure.web.servlet.MockMvcPrintOnlyOnFailureTestExecutionListener@4b5a5ed1, org.springframework.boot.test.mock.mockito.ResetMocksTestExecutionListener@59d016c9, org.springframework.boot.test.autoconfigure.web.servlet.WebDriverTestExecutionListener@3cc2931c]
14:43:14.718 [main] DEBUG org.springframework.test.annotation.ProfileValueUtils - Retrieved @ProfileValueSourceConfiguration [null] for test class [org.gobeshona.article_test.EmployeeRestControllerIntegrationTest]
14:43:14.718 [main] DEBUG org.springframework.test.annotation.ProfileValueUtils - Retrieved ProfileValueSource type [class org.springframework.test.annotation.SystemProfileValueSource] for class [org.gobeshona.article_test.EmployeeRestControllerIntegrationTest]
14:43:14.718 [main] DEBUG org.springframework.test.annotation.ProfileValueUtils - Retrieved @ProfileValueSourceConfiguration [null] for test class [org.gobeshona.article_test.EmployeeRestControllerIntegrationTest]
14:43:14.718 [main] DEBUG org.springframework.test.annotation.ProfileValueUtils - Retrieved ProfileValueSource type [class org.springframework.test.annotation.SystemProfileValueSource] for class [org.gobeshona.article_test.EmployeeRestControllerIntegrationTest]
14:43:14.720 [main] DEBUG org.springframework.test.context.support.AbstractDirtiesContextTestExecutionListener - Before test class: context [DefaultTestContext@5c909414 testClass = EmployeeRestControllerIntegrationTest, testInstance = [null], testMethod = [null], testException = [null], mergedContextConfiguration = [WebMergedContextConfiguration@4b14c583 testClass = EmployeeRestControllerIntegrationTest, locations = '{}', classes = '{class org.gobeshona.Gobeshona}', contextInitializerClasses = '[]', activeProfiles = '{}', propertySourceLocations = '{}', propertySourceProperties = '{org.springframework.boot.test.autoconfigure.web.servlet.WebMvcTestContextBootstrapper=true}', contextCustomizers = set[org.springframework.boot.test.autoconfigure.OverrideAutoConfigurationContextCustomizerFactory$DisableAutoConfigurationContextCustomizer@76a3e297, org.springframework.boot.test.autoconfigure.filter.TypeExcludeFiltersContextCustomizer@212a0cdd, org.springframework.boot.test.autoconfigure.properties.PropertyMappingContextCustomizer@9877e700, org.springframework.boot.test.autoconfigure.web.servlet.WebDriverContextCustomizerFactory$Customizer@10dba097, org.springframework.boot.test.context.ImportsContextCustomizer@5823151b, org.springframework.boot.test.context.filter.ExcludeFilterContextCustomizer@77846d2c, org.springframework.boot.test.mock.mockito.MockitoContextCustomizer@b48d7c41], resourceBasePath = '', contextLoader = 'org.springframework.boot.test.context.SpringBootContextLoader', parent = [null]]], class annotated with @DirtiesContext [false] with mode [null].
14:43:14.721 [main] DEBUG org.springframework.test.annotation.ProfileValueUtils - Retrieved @ProfileValueSourceConfiguration [null] for test class [org.gobeshona.article_test.EmployeeRestControllerIntegrationTest]
14:43:14.721 [main] DEBUG org.springframework.test.annotation.ProfileValueUtils - Retrieved ProfileValueSource type [class org.springframework.test.annotation.SystemProfileValueSource] for class [org.gobeshona.article_test.EmployeeRestControllerIntegrationTest]
14:43:14.722 [main] DEBUG org.springframework.test.context.support.DependencyInjectionTestExecutionListener - Performing dependency injection for test context [[DefaultTestContext@5c909414 testClass = EmployeeRestControllerIntegrationTest, testInstance = org.gobeshona.article_test.EmployeeRestControllerIntegrationTest@7f552bd3, testMethod = [null], testException = [null], mergedContextConfiguration = [WebMergedContextConfiguration@4b14c583 testClass = EmployeeRestControllerIntegrationTest, locations = '{}', classes = '{class org.gobeshona.Gobeshona}', contextInitializerClasses = '[]', activeProfiles = '{}', propertySourceLocations = '{}', propertySourceProperties = '{org.springframework.boot.test.autoconfigure.web.servlet.WebMvcTestContextBootstrapper=true}', contextCustomizers = set[org.springframework.boot.test.autoconfigure.OverrideAutoConfigurationContextCustomizerFactory$DisableAutoConfigurationContextCustomizer@76a3e297, org.springframework.boot.test.autoconfigure.filter.TypeExcludeFiltersContextCustomizer@212a0cdd, org.springframework.boot.test.autoconfigure.properties.PropertyMappingContextCustomizer@9877e700, org.springframework.boot.test.autoconfigure.web.servlet.WebDriverContextCustomizerFactory$Customizer@10dba097, org.springframework.boot.test.context.ImportsContextCustomizer@5823151b, org.springframework.boot.test.context.filter.ExcludeFilterContextCustomizer@77846d2c, org.springframework.boot.test.mock.mockito.MockitoContextCustomizer@b48d7c41], resourceBasePath = '', contextLoader = 'org.springframework.boot.test.context.SpringBootContextLoader', parent = [null]]]].
14:43:14.765 [main] DEBUG org.springframework.core.env.StandardEnvironment - Adding [systemProperties] PropertySource with lowest search precedence
14:43:14.765 [main] DEBUG org.springframework.core.env.StandardEnvironment - Adding [systemEnvironment] PropertySource with lowest search precedence
14:43:14.765 [main] DEBUG org.springframework.core.env.StandardEnvironment - Initialized StandardEnvironment with PropertySources [systemProperties,systemEnvironment]
14:43:14.766 [main] DEBUG org.springframework.test.context.support.TestPropertySourceUtils - Adding inlined properties to environment: {spring.jmx.enabled=false, org.springframework.boot.test.autoconfigure.web.servlet.WebMvcTestContextBootstrapper=true, server.port=-1}
14:43:14.767 [main] DEBUG org.springframework.core.env.StandardEnvironment - Adding [Inlined Test Properties] PropertySource with highest search precedence

  .   ____          _            __ _ _
 /\\ / ___'_ __ _ _(_)_ __  __ _ \ \ \ \
( ( )\___ | '_ | '_| | '_ \/ _` | \ \ \ \
 \\/  ___)| |_)| | | | | || (_| |  ) ) ) )
  '  |____| .__|_| |_|_| |_\__, | / / / /
 =========|_|==============|___/=/_/_/_/
 :: Spring Boot ::        (v1.5.2.RELEASE)

2019-12-26 14:43:14.970  INFO 17072 --- [           main] .a.EmployeeRestControllerIntegrationTest : Starting EmployeeRestControllerIntegrationTest on DESKTOP-VC05DSS with PID 17072 (started by G7 in E:\Drive_H\recover\NTFS_3\backUp\Documents\NetBeansProjects\1.org.gobeshona\org.gobeshona\back_end\org.gobeshona)
2019-12-26 14:43:14.971  INFO 17072 --- [           main] .a.EmployeeRestControllerIntegrationTest : No active profile set, falling back to default profiles: default
2019-12-26 14:43:14.985  INFO 17072 --- [           main] o.s.w.c.s.GenericWebApplicationContext   : Refreshing org.springframework.web.context.support.GenericWebApplicationContext@173ed316: startup date [Thu Dec 26 14:43:14 BDT 2019]; root of context hierarchy
2019-12-26 14:43:15.827  INFO 17072 --- [           main] s.w.s.m.m.a.RequestMappingHandlerAdapter : Looking for @ControllerAdvice: org.springframework.web.context.support.GenericWebApplicationContext@173ed316: startup date [Thu Dec 26 14:43:14 BDT 2019]; root of context hierarchy
2019-12-26 14:43:15.880  INFO 17072 --- [           main] s.w.s.m.m.a.RequestMappingHandlerMapping : Mapped "{[/test/test],methods=[GET]}" onto public java.lang.String org.gobeshona.articles.old.ArticleController.test()
2019-12-26 14:43:15.881  INFO 17072 --- [           main] s.w.s.m.m.a.RequestMappingHandlerMapping : Mapped "{[/test/article],methods=[POST]}" onto public org.springframework.http.ResponseEntity<java.lang.Void> org.gobeshona.articles.old.ArticleController.addArticle(org.gobeshona.articles.Articles,org.springframework.web.util.UriComponentsBuilder)
2019-12-26 14:43:15.881  INFO 17072 --- [           main] s.w.s.m.m.a.RequestMappingHandlerMapping : Mapped "{[/test/articles],methods=[GET]}" onto public org.springframework.http.ResponseEntity<java.util.List<org.gobeshona.articles.Articles>> org.gobeshona.articles.old.ArticleController.getAllArticles()
2019-12-26 14:43:15.881  INFO 17072 --- [           main] s.w.s.m.m.a.RequestMappingHandlerMapping : Mapped "{[/test/article2],methods=[POST]}" onto public java.lang.String org.gobeshona.articles.old.ArticleController.addArticle2(org.gobeshona.articles.Articles,org.springframework.web.util.UriComponentsBuilder)
2019-12-26 14:43:15.881  INFO 17072 --- [           main] s.w.s.m.m.a.RequestMappingHandlerMapping : Mapped "{[/test/article/{id}],methods=[DELETE]}" onto public org.springframework.http.ResponseEntity<java.lang.Void> org.gobeshona.articles.old.ArticleController.deleteArticle(java.lang.Integer)
2019-12-26 14:43:15.881  INFO 17072 --- [           main] s.w.s.m.m.a.RequestMappingHandlerMapping : Mapped "{[/test/article],methods=[PUT]}" onto public org.springframework.http.ResponseEntity<org.gobeshona.articles.Articles> org.gobeshona.articles.old.ArticleController.updateArticle(org.gobeshona.articles.Articles)
2019-12-26 14:43:15.881  INFO 17072 --- [           main] s.w.s.m.m.a.RequestMappingHandlerMapping : Mapped "{[/test/article/{id}],methods=[GET]}" onto public org.springframework.http.ResponseEntity<org.gobeshona.articles.Articles> org.gobeshona.articles.old.ArticleController.getArticleById(java.lang.Integer)
2019-12-26 14:43:15.882  INFO 17072 --- [           main] s.w.s.m.m.a.RequestMappingHandlerMapping : Mapped "{[/error]}" onto public org.springframework.http.ResponseEntity<java.util.Map<java.lang.String, java.lang.Object>> org.springframework.boot.autoconfigure.web.BasicErrorController.error(javax.servlet.http.HttpServletRequest)
2019-12-26 14:43:15.882  INFO 17072 --- [           main] s.w.s.m.m.a.RequestMappingHandlerMapping : Mapped "{[/error],produces=[text/html]}" onto public org.springframework.web.servlet.ModelAndView org.springframework.boot.autoconfigure.web.BasicErrorController.errorHtml(javax.servlet.http.HttpServletRequest,javax.servlet.http.HttpServletResponse)
2019-12-26 14:43:15.904  INFO 17072 --- [           main] o.s.w.s.handler.SimpleUrlHandlerMapping  : Mapped URL path [/webjars/**] onto handler of type [class org.springframework.web.servlet.resource.ResourceHttpRequestHandler]
2019-12-26 14:43:15.904  INFO 17072 --- [           main] o.s.w.s.handler.SimpleUrlHandlerMapping  : Mapped URL path [/**] onto handler of type [class org.springframework.web.servlet.resource.ResourceHttpRequestHandler]
2019-12-26 14:43:15.936  INFO 17072 --- [           main] o.s.w.s.handler.SimpleUrlHandlerMapping  : Mapped URL path [/**/favicon.ico] onto handler of type [class org.springframework.web.servlet.resource.ResourceHttpRequestHandler]
2019-12-26 14:43:16.302  INFO 17072 --- [           main] b.a.s.AuthenticationManagerConfiguration : 

Using default security password: 5536e67d-dc04-415d-8df7-5779547ba381

2019-12-26 14:43:16.340  INFO 17072 --- [           main] o.s.s.web.DefaultSecurityFilterChain     : Creating filter chain: OrRequestMatcher [requestMatchers=[Ant [pattern='/css/**'], Ant [pattern='/js/**'], Ant [pattern='/images/**'], Ant [pattern='/webjars/**'], Ant [pattern='/**/favicon.ico'], Ant [pattern='/error']]], []
2019-12-26 14:43:16.395  INFO 17072 --- [           main] o.s.s.web.DefaultSecurityFilterChain     : Creating filter chain: OrRequestMatcher [requestMatchers=[Ant [pattern='/**']]], [org.springframework.security.web.context.request.async.WebAsyncManagerIntegrationFilter@26722665, org.springframework.security.web.context.SecurityContextPersistenceFilter@408b87aa, org.springframework.security.web.header.HeaderWriterFilter@26a4551a, org.springframework.security.web.authentication.logout.LogoutFilter@7ce4de34, org.springframework.security.web.authentication.www.BasicAuthenticationFilter@6df3e44c, org.springframework.security.web.savedrequest.RequestCacheAwareFilter@787f32b7, org.springframework.security.web.servletapi.SecurityContextHolderAwareRequestFilter@3f29e26, org.springframework.security.web.authentication.AnonymousAuthenticationFilter@7d0614f, org.springframework.security.web.session.SessionManagementFilter@69da0b12, org.springframework.security.web.access.ExceptionTranslationFilter@4d774249, org.springframework.security.web.access.intercept.FilterSecurityInterceptor@8bffb8b]
2019-12-26 14:43:16.415  INFO 17072 --- [           main] o.s.b.t.m.w.SpringBootMockServletContext : Initializing Spring FrameworkServlet ''
2019-12-26 14:43:16.415  INFO 17072 --- [           main] o.s.t.web.servlet.TestDispatcherServlet  : FrameworkServlet '': initialization started
2019-12-26 14:43:16.424  INFO 17072 --- [           main] o.s.t.web.servlet.TestDispatcherServlet  : FrameworkServlet '': initialization completed in 9 ms
2019-12-26 14:43:16.468  INFO 17072 --- [           main] .a.EmployeeRestControllerIntegrationTest : Started EmployeeRestControllerIntegrationTest in 1.693 seconds (JVM running for 2.24)
-------------------------Start----------------------------------

MockHttpServletRequest:
      HTTP Method = GET
      Request URI = /test/test
       Parameters = {}
          Headers = {Content-Type=[application/json]}

Handler:
             Type = null

Async:
    Async started = false
     Async result = null

Resolved Exception:
             Type = null

ModelAndView:
        View name = null
             View = null
            Model = null

FlashMap:
       Attributes = null

MockHttpServletResponse:
           Status = 401
    Error message = Full authentication is required to access this resource
          Headers = {X-Content-Type-Options=[nosniff], X-XSS-Protection=[1; mode=block], Cache-Control=[no-cache, no-store, max-age=0, must-revalidate], Pragma=[no-cache], Expires=[0], X-Frame-Options=[DENY], Strict-Transport-Security=[max-age=31536000 ; includeSubDomains], WWW-Authenticate=[Basic realm="Spring"]}
     Content type = null
             Body = 
    Forwarded URL = null
   Redirected URL = null
          Cookies = []
]]></system-out>
  </testcase>
</testsuite>